{"/home/geni/AI’s Game!/src/constants.ts": {"path":"/home/geni/AI’s Game!/src/constants.ts","statementMap":{"0":{"start":{"line":2,"column":13},"end":{"line":2,"column":28}},"1":{"start":{"line":3,"column":13},"end":{"line":3,"column":34}},"2":{"start":{"line":4,"column":13},"end":{"line":4,"column":35}},"3":{"start":{"line":7,"column":13},"end":{"line":7,"column":28}},"4":{"start":{"line":8,"column":13},"end":{"line":8,"column":32}},"5":{"start":{"line":9,"column":13},"end":{"line":9,"column":33}},"6":{"start":{"line":12,"column":13},"end":{"line":12,"column":34}},"7":{"start":{"line":13,"column":13},"end":{"line":13,"column":34}},"8":{"start":{"line":14,"column":13},"end":{"line":14,"column":31}},"9":{"start":{"line":15,"column":13},"end":{"line":15,"column":32}},"10":{"start":{"line":16,"column":13},"end":{"line":16,"column":30}},"11":{"start":{"line":19,"column":13},"end":{"line":19,"column":37}},"12":{"start":{"line":22,"column":13},"end":{"line":22,"column":30}},"13":{"start":{"line":25,"column":13},"end":{"line":25,"column":40}}},"fnMap":{},"branchMap":{},"s":{"0":1,"1":1,"2":1,"3":1,"4":1,"5":1,"6":1,"7":1,"8":1,"9":1,"10":1,"11":1,"12":1,"13":1},"f":{},"b":{}}
,"/home/geni/AI’s Game!/src/dialogue.ts": {"path":"/home/geni/AI’s Game!/src/dialogue.ts","statementMap":{"0":{"start":{"line":2,"column":13},"end":{"line":2,"column":46}},"1":{"start":{"line":9,"column":2},"end":{"line":9,"column":46}},"2":{"start":{"line":13,"column":4},"end":{"line":31,"column":5}},"3":{"start":{"line":17,"column":18},"end":{"line":17,"column":42}},"4":{"start":{"line":18,"column":6},"end":{"line":18,"column":24}},"5":{"start":{"line":19,"column":6},"end":{"line":19,"column":23}},"6":{"start":{"line":21,"column":6},"end":{"line":30,"column":7}},"7":{"start":{"line":24,"column":20},"end":{"line":24,"column":49}},"8":{"start":{"line":24,"column":48},"end":{"line":24,"column":49}},"9":{"start":{"line":25,"column":8},"end":{"line":25,"column":41}},"10":{"start":{"line":26,"column":8},"end":{"line":26,"column":25}},"11":{"start":{"line":29,"column":8},"end":{"line":29,"column":20}},"12":{"start":{"line":35,"column":4},"end":{"line":35,"column":19}},"13":{"start":{"line":36,"column":22},"end":{"line":36,"column":47}},"14":{"start":{"line":37,"column":4},"end":{"line":44,"column":5}},"15":{"start":{"line":38,"column":6},"end":{"line":43,"column":7}},"16":{"start":{"line":39,"column":21},"end":{"line":39,"column":65}},"17":{"start":{"line":40,"column":8},"end":{"line":42,"column":9}},"18":{"start":{"line":41,"column":10},"end":{"line":41,"column":47}},"19":{"start":{"line":48,"column":4},"end":{"line":48,"column":49}},"20":{"start":{"line":8,"column":0},"end":{"line":8,"column":13}}},"fnMap":{"0":{"name":"(anonymous_9)","decl":{"start":{"line":8,"column":0},"end":{"line":8,"column":13}},"loc":{"start":{"line":8,"column":0},"end":{"line":50,"column":1}}},"1":{"name":"(anonymous_10)","decl":{"start":{"line":12,"column":2},"end":{"line":12,"column":7}},"loc":{"start":{"line":12,"column":55},"end":{"line":32,"column":3}}},"2":{"name":"(anonymous_11)","decl":{"start":{"line":24,"column":48},"end":{"line":24,"column":49}},"loc":{"start":{"line":24,"column":48},"end":{"line":24,"column":49}}},"3":{"name":"(anonymous_12)","decl":{"start":{"line":34,"column":10},"end":{"line":34,"column":17}},"loc":{"start":{"line":34,"column":30},"end":{"line":45,"column":3}}},"4":{"name":"(anonymous_13)","decl":{"start":{"line":47,"column":2},"end":{"line":47,"column":8}},"loc":{"start":{"line":47,"column":19},"end":{"line":49,"column":3}}}},"branchMap":{"0":{"loc":{"start":{"line":12,"column":21},"end":{"line":12,"column":55}},"type":"default-arg","locations":[{"start":{"line":12,"column":28},"end":{"line":12,"column":55}}]},"1":{"loc":{"start":{"line":25,"column":21},"end":{"line":25,"column":39}},"type":"binary-expr","locations":[{"start":{"line":25,"column":21},"end":{"line":25,"column":32}},{"start":{"line":25,"column":36},"end":{"line":25,"column":39}}]},"2":{"loc":{"start":{"line":37,"column":4},"end":{"line":44,"column":5}},"type":"if","locations":[{"start":{"line":37,"column":4},"end":{"line":44,"column":5}}]},"3":{"loc":{"start":{"line":37,"column":8},"end":{"line":37,"column":50}},"type":"binary-expr","locations":[{"start":{"line":37,"column":8},"end":{"line":37,"column":17}},{"start":{"line":37,"column":21},"end":{"line":37,"column":50}}]},"4":{"loc":{"start":{"line":40,"column":8},"end":{"line":42,"column":9}},"type":"if","locations":[{"start":{"line":40,"column":8},"end":{"line":42,"column":9}}]},"5":{"loc":{"start":{"line":40,"column":12},"end":{"line":40,"column":47}},"type":"binary-expr","locations":[{"start":{"line":40,"column":12},"end":{"line":40,"column":16}},{"start":{"line":40,"column":20},"end":{"line":40,"column":47}}]},"6":{"loc":{"start":{"line":48,"column":11},"end":{"line":48,"column":48}},"type":"cond-expr","locations":[{"start":{"line":48,"column":23},"end":{"line":48,"column":36}},{"start":{"line":48,"column":39},"end":{"line":48,"column":48}}]}},"s":{"0":0,"1":0,"2":0,"3":0,"4":0,"5":0,"6":0,"7":0,"8":0,"9":0,"10":0,"11":0,"12":0,"13":0,"14":0,"15":0,"16":0,"17":0,"18":0,"19":0,"20":0},"f":{"0":0,"1":0,"2":0,"3":0,"4":0},"b":{"0":[0],"1":[0,0],"2":[0],"3":[0,0],"4":[0],"5":[0,0],"6":[0,0]}}
,"/home/geni/AI’s Game!/src/index.ts": {"path":"/home/geni/AI’s Game!/src/index.ts","statementMap":{"0":{"start":{"line":2,"column":0},"end":{"line":2,"column":55}},"1":{"start":{"line":3,"column":0},"end":{"line":3,"column":20}},"2":{"start":{"line":4,"column":0},"end":{"line":4,"column":24}},"3":{"start":{"line":5,"column":17},"end":{"line":5,"column":21}},"4":{"start":{"line":6,"column":19},"end":{"line":6,"column":21}},"5":{"start":{"line":7,"column":26},"end":{"line":7,"column":55}},"6":{"start":{"line":10,"column":28},"end":{"line":10,"column":42}},"7":{"start":{"line":11,"column":28},"end":{"line":11,"column":43}},"8":{"start":{"line":12,"column":29},"end":{"line":12,"column":43}},"9":{"start":{"line":13,"column":32},"end":{"line":13,"column":46}},"10":{"start":{"line":16,"column":34},"end":{"line":16,"column":48}},"11":{"start":{"line":17,"column":32},"end":{"line":17,"column":60}},"12":{"start":{"line":20,"column":28},"end":{"line":20,"column":30}},"13":{"start":{"line":23,"column":23},"end":{"line":23,"column":25}},"14":{"start":{"line":24,"column":21},"end":{"line":24,"column":22}},"15":{"start":{"line":25,"column":19},"end":{"line":25,"column":20}},"16":{"start":{"line":26,"column":24},"end":{"line":26,"column":27}},"17":{"start":{"line":28,"column":0},"end":{"line":28,"column":null}},"18":{"start":{"line":29,"column":2},"end":{"line":29,"column":null}},"19":{"start":{"line":30,"column":2},"end":{"line":30,"column":null}},"20":{"start":{"line":31,"column":2},"end":{"line":31,"column":null}},"21":{"start":{"line":32,"column":2},"end":{"line":32,"column":null}},"22":{"start":{"line":60,"column":33},"end":{"line":67,"column":2}},"23":{"start":{"line":70,"column":2},"end":{"line":70,"column":43}},"24":{"start":{"line":74,"column":13},"end":{"line":74,"column":69}},"25":{"start":{"line":75,"column":20},"end":{"line":75,"column":47}},"26":{"start":{"line":76,"column":14},"end":{"line":76,"column":54}},"27":{"start":{"line":76,"column":39},"end":{"line":76,"column":53}},"28":{"start":{"line":77,"column":2},"end":{"line":82,"column":3}},"29":{"start":{"line":78,"column":4},"end":{"line":78,"column":83}},"30":{"start":{"line":80,"column":4},"end":{"line":81,"column":103}},"31":{"start":{"line":80,"column":48},"end":{"line":80,"column":67}},"32":{"start":{"line":81,"column":9},"end":{"line":81,"column":103}},"33":{"start":{"line":83,"column":2},"end":{"line":83,"column":153}},"34":{"start":{"line":87,"column":20},"end":{"line":87,"column":47}},"35":{"start":{"line":88,"column":14},"end":{"line":88,"column":55}},"36":{"start":{"line":88,"column":39},"end":{"line":88,"column":54}},"37":{"start":{"line":89,"column":2},"end":{"line":89,"column":107}},"38":{"start":{"line":89,"column":15},"end":{"line":89,"column":107}},"39":{"start":{"line":90,"column":15},"end":{"line":90,"column":29}},"40":{"start":{"line":91,"column":22},"end":{"line":91,"column":41}},"41":{"start":{"line":92,"column":2},"end":{"line":98,"column":3}},"42":{"start":{"line":93,"column":4},"end":{"line":93,"column":110}},"43":{"start":{"line":94,"column":9},"end":{"line":98,"column":3}},"44":{"start":{"line":95,"column":4},"end":{"line":95,"column":71}},"45":{"start":{"line":97,"column":4},"end":{"line":97,"column":74}},"46":{"start":{"line":99,"column":2},"end":{"line":100,"column":32}},"47":{"start":{"line":99,"column":22},"end":{"line":99,"column":74}},"48":{"start":{"line":100,"column":7},"end":{"line":100,"column":32}},"49":{"start":{"line":101,"column":2},"end":{"line":101,"column":61}},"50":{"start":{"line":102,"column":2},"end":{"line":102,"column":122}},"51":{"start":{"line":105,"column":17},"end":{"line":108,"column":2}},"52":{"start":{"line":110,"column":0},"end":{"line":125,"column":1}},"53":{"start":{"line":113,"column":13},"end":{"line":113,"column":26}},"54":{"start":{"line":115,"column":15},"end":{"line":115,"column":30}},"55":{"start":{"line":116,"column":15},"end":{"line":116,"column":95}},"56":{"start":{"line":117,"column":17},"end":{"line":117,"column":33}},"57":{"start":{"line":118,"column":2},"end":{"line":119,"column":59}},"58":{"start":{"line":118,"column":29},"end":{"line":118,"column":49}},"59":{"start":{"line":119,"column":7},"end":{"line":119,"column":59}},"60":{"start":{"line":119,"column":34},"end":{"line":119,"column":59}},"61":{"start":{"line":122,"column":2},"end":{"line":124,"column":3}},"62":{"start":{"line":123,"column":4},"end":{"line":123,"column":164}},"63":{"start":{"line":123,"column":44},"end":{"line":123,"column":52}},"64":{"start":{"line":123,"column":66},"end":{"line":123,"column":146}},"65":{"start":{"line":123,"column":88},"end":{"line":123,"column":103}},"66":{"start":{"line":123,"column":109},"end":{"line":123,"column":146}},"67":{"start":{"line":123,"column":126},"end":{"line":123,"column":146}},"68":{"start":{"line":128,"column":15},"end":{"line":128,"column":52}},"69":{"start":{"line":128,"column":36},"end":{"line":128,"column":51}},"70":{"start":{"line":129,"column":2},"end":{"line":129,"column":110}},"71":{"start":{"line":129,"column":13},"end":{"line":129,"column":110}},"72":{"start":{"line":130,"column":2},"end":{"line":130,"column":133}},"73":{"start":{"line":130,"column":38},"end":{"line":130,"column":133}},"74":{"start":{"line":131,"column":2},"end":{"line":131,"column":154}},"75":{"start":{"line":131,"column":60},"end":{"line":131,"column":154}},"76":{"start":{"line":132,"column":17},"end":{"line":132,"column":96}},"77":{"start":{"line":133,"column":2},"end":{"line":133,"column":76}},"78":{"start":{"line":134,"column":2},"end":{"line":134,"column":123}},"79":{"start":{"line":138,"column":2},"end":{"line":138,"column":138}},"80":{"start":{"line":138,"column":43},"end":{"line":138,"column":138}},"81":{"start":{"line":139,"column":15},"end":{"line":139,"column":40}},"82":{"start":{"line":140,"column":20},"end":{"line":140,"column":58}},"83":{"start":{"line":140,"column":41},"end":{"line":140,"column":57}},"84":{"start":{"line":141,"column":16},"end":{"line":141,"column":63}},"85":{"start":{"line":142,"column":19},"end":{"line":142,"column":46}},"86":{"start":{"line":143,"column":2},"end":{"line":144,"column":30}},"87":{"start":{"line":143,"column":22},"end":{"line":143,"column":73}},"88":{"start":{"line":144,"column":7},"end":{"line":144,"column":30}},"89":{"start":{"line":145,"column":24},"end":{"line":145,"column":99}},"90":{"start":{"line":146,"column":2},"end":{"line":146,"column":136}},"91":{"start":{"line":150,"column":26},"end":{"line":150,"column":92}},"92":{"start":{"line":152,"column":2},"end":{"line":201,"column":3}},"93":{"start":{"line":154,"column":6},"end":{"line":156,"column":7}},"94":{"start":{"line":155,"column":8},"end":{"line":155,"column":53}},"95":{"start":{"line":157,"column":6},"end":{"line":157,"column":18}},"96":{"start":{"line":161,"column":36},"end":{"line":161,"column":61}},"97":{"start":{"line":162,"column":31},"end":{"line":162,"column":55}},"98":{"start":{"line":163,"column":6},"end":{"line":165,"column":7}},"99":{"start":{"line":164,"column":8},"end":{"line":164,"column":58}},"100":{"start":{"line":168,"column":6},"end":{"line":179,"column":7}},"101":{"start":{"line":169,"column":8},"end":{"line":173,"column":10}},"102":{"start":{"line":174,"column":8},"end":{"line":174,"column":40}},"103":{"start":{"line":174,"column":19},"end":{"line":174,"column":40}},"104":{"start":{"line":177,"column":26},"end":{"line":177,"column":67}},"105":{"start":{"line":178,"column":8},"end":{"line":178,"column":108}},"106":{"start":{"line":182,"column":6},"end":{"line":184,"column":7}},"107":{"start":{"line":183,"column":8},"end":{"line":183,"column":80}},"108":{"start":{"line":185,"column":6},"end":{"line":185,"column":21}},"109":{"start":{"line":188,"column":6},"end":{"line":190,"column":7}},"110":{"start":{"line":189,"column":8},"end":{"line":189,"column":53}},"111":{"start":{"line":191,"column":6},"end":{"line":191,"column":18}},"112":{"start":{"line":194,"column":6},"end":{"line":196,"column":7}},"113":{"start":{"line":195,"column":8},"end":{"line":195,"column":43}},"114":{"start":{"line":197,"column":6},"end":{"line":197,"column":18}},"115":{"start":{"line":200,"column":6},"end":{"line":200,"column":18}},"116":{"start":{"line":206,"column":2},"end":{"line":206,"column":87}},"117":{"start":{"line":211,"column":2},"end":{"line":211,"column":92}},"118":{"start":{"line":211,"column":85},"end":{"line":211,"column":92}},"119":{"start":{"line":212,"column":2},"end":{"line":212,"column":33}},"120":{"start":{"line":213,"column":2},"end":{"line":213,"column":25}},"121":{"start":{"line":214,"column":2},"end":{"line":220,"column":5}},"122":{"start":{"line":215,"column":16},"end":{"line":215,"column":29}},"123":{"start":{"line":216,"column":4},"end":{"line":216,"column":19}},"124":{"start":{"line":217,"column":4},"end":{"line":219,"column":5}},"125":{"start":{"line":218,"column":6},"end":{"line":218,"column":22}},"126":{"start":{"line":224,"column":14},"end":{"line":224,"column":34}},"127":{"start":{"line":228,"column":4},"end":{"line":238,"column":5}},"128":{"start":{"line":229,"column":16},"end":{"line":229,"column":69}},"129":{"start":{"line":230,"column":18},"end":{"line":230,"column":44}},"130":{"start":{"line":231,"column":19},"end":{"line":231,"column":34}},"131":{"start":{"line":232,"column":6},"end":{"line":235,"column":8}},"132":{"start":{"line":237,"column":6},"end":{"line":237,"column":111}},"133":{"start":{"line":240,"column":69},"end":{"line":240,"column":83}},"134":{"start":{"line":241,"column":22},"end":{"line":241,"column":23}},"135":{"start":{"line":242,"column":23},"end":{"line":242,"column":24}},"136":{"start":{"line":246,"column":4},"end":{"line":253,"column":5}},"137":{"start":{"line":247,"column":6},"end":{"line":251,"column":7}},"138":{"start":{"line":248,"column":8},"end":{"line":248,"column":54}},"139":{"start":{"line":249,"column":13},"end":{"line":251,"column":7}},"140":{"start":{"line":250,"column":8},"end":{"line":250,"column":55}},"141":{"start":{"line":252,"column":6},"end":{"line":252,"column":13}},"142":{"start":{"line":256,"column":4},"end":{"line":259,"column":5}},"143":{"start":{"line":257,"column":6},"end":{"line":257,"column":74}},"144":{"start":{"line":258,"column":6},"end":{"line":258,"column":13}},"145":{"start":{"line":260,"column":4},"end":{"line":267,"column":5}},"146":{"start":{"line":261,"column":6},"end":{"line":265,"column":7}},"147":{"start":{"line":262,"column":8},"end":{"line":262,"column":74}},"148":{"start":{"line":264,"column":8},"end":{"line":264,"column":104}},"149":{"start":{"line":266,"column":6},"end":{"line":266,"column":13}},"150":{"start":{"line":270,"column":4},"end":{"line":281,"column":5}},"151":{"start":{"line":271,"column":6},"end":{"line":279,"column":7}},"152":{"start":{"line":272,"column":8},"end":{"line":272,"column":94}},"153":{"start":{"line":273,"column":13},"end":{"line":279,"column":7}},"154":{"start":{"line":274,"column":8},"end":{"line":274,"column":69}},"155":{"start":{"line":275,"column":13},"end":{"line":279,"column":7}},"156":{"start":{"line":276,"column":20},"end":{"line":276,"column":50}},"157":{"start":{"line":277,"column":8},"end":{"line":278,"column":70}},"158":{"start":{"line":277,"column":36},"end":{"line":277,"column":83}},"159":{"start":{"line":277,"column":84},"end":{"line":277,"column":125}},"160":{"start":{"line":277,"column":96},"end":{"line":277,"column":125}},"161":{"start":{"line":277,"column":126},"end":{"line":277,"column":168}},"162":{"start":{"line":277,"column":137},"end":{"line":277,"column":168}},"163":{"start":{"line":278,"column":13},"end":{"line":278,"column":70}},"164":{"start":{"line":278,"column":33},"end":{"line":278,"column":70}},"165":{"start":{"line":280,"column":6},"end":{"line":280,"column":13}},"166":{"start":{"line":283,"column":4},"end":{"line":306,"column":5}},"167":{"start":{"line":285,"column":6},"end":{"line":304,"column":7}},"168":{"start":{"line":286,"column":23},"end":{"line":286,"column":65}},"169":{"start":{"line":287,"column":25},"end":{"line":287,"column":64}},"170":{"start":{"line":288,"column":8},"end":{"line":288,"column":74}},"171":{"start":{"line":289,"column":13},"end":{"line":304,"column":7}},"172":{"start":{"line":290,"column":8},"end":{"line":294,"column":9}},"173":{"start":{"line":291,"column":10},"end":{"line":291,"column":76}},"174":{"start":{"line":293,"column":10},"end":{"line":293,"column":106}},"175":{"start":{"line":295,"column":13},"end":{"line":304,"column":7}},"176":{"start":{"line":297,"column":8},"end":{"line":297,"column":49}},"177":{"start":{"line":298,"column":13},"end":{"line":304,"column":7}},"178":{"start":{"line":300,"column":8},"end":{"line":300,"column":47}},"179":{"start":{"line":301,"column":13},"end":{"line":304,"column":7}},"180":{"start":{"line":303,"column":8},"end":{"line":303,"column":46}},"181":{"start":{"line":305,"column":6},"end":{"line":305,"column":13}},"182":{"start":{"line":308,"column":4},"end":{"line":320,"column":5}},"183":{"start":{"line":309,"column":6},"end":{"line":318,"column":7}},"184":{"start":{"line":310,"column":8},"end":{"line":310,"column":98}},"185":{"start":{"line":311,"column":13},"end":{"line":318,"column":7}},"186":{"start":{"line":312,"column":8},"end":{"line":312,"column":72}},"187":{"start":{"line":313,"column":13},"end":{"line":318,"column":7}},"188":{"start":{"line":314,"column":20},"end":{"line":314,"column":52}},"189":{"start":{"line":315,"column":8},"end":{"line":317,"column":115}},"190":{"start":{"line":315,"column":30},"end":{"line":315,"column":77}},"191":{"start":{"line":316,"column":13},"end":{"line":317,"column":115}},"192":{"start":{"line":316,"column":36},"end":{"line":316,"column":116}},"193":{"start":{"line":317,"column":13},"end":{"line":317,"column":115}},"194":{"start":{"line":317,"column":41},"end":{"line":317,"column":115}},"195":{"start":{"line":319,"column":6},"end":{"line":319,"column":13}},"196":{"start":{"line":323,"column":2},"end":{"line":323,"column":32}},"197":{"start":{"line":326,"column":4},"end":{"line":353,"column":5}},"198":{"start":{"line":327,"column":6},"end":{"line":327,"column":22}},"199":{"start":{"line":328,"column":6},"end":{"line":328,"column":39}},"200":{"start":{"line":329,"column":6},"end":{"line":331,"column":9}},"201":{"start":{"line":330,"column":8},"end":{"line":330,"column":63}},"202":{"start":{"line":332,"column":11},"end":{"line":353,"column":5}},"203":{"start":{"line":333,"column":6},"end":{"line":333,"column":36}},"204":{"start":{"line":334,"column":6},"end":{"line":336,"column":9}},"205":{"start":{"line":335,"column":8},"end":{"line":335,"column":64}},"206":{"start":{"line":337,"column":11},"end":{"line":353,"column":5}},"207":{"start":{"line":339,"column":16},"end":{"line":339,"column":28}},"208":{"start":{"line":340,"column":21},"end":{"line":340,"column":65}},"209":{"start":{"line":341,"column":24},"end":{"line":341,"column":102}},"210":{"start":{"line":342,"column":6},"end":{"line":342,"column":125}},"211":{"start":{"line":343,"column":6},"end":{"line":345,"column":7}},"212":{"start":{"line":344,"column":8},"end":{"line":344,"column":49}},"213":{"start":{"line":347,"column":6},"end":{"line":352,"column":7}},"214":{"start":{"line":348,"column":8},"end":{"line":348,"column":34}},"215":{"start":{"line":349,"column":8},"end":{"line":349,"column":91}},"216":{"start":{"line":349,"column":39},"end":{"line":349,"column":89}},"217":{"start":{"line":351,"column":8},"end":{"line":351,"column":42}},"218":{"start":{"line":356,"column":19},"end":{"line":366,"column":23}},"219":{"start":{"line":357,"column":4},"end":{"line":357,"column":26}},"220":{"start":{"line":358,"column":4},"end":{"line":358,"column":18}},"221":{"start":{"line":359,"column":4},"end":{"line":359,"column":15}},"222":{"start":{"line":361,"column":4},"end":{"line":365,"column":5}},"223":{"start":{"line":362,"column":6},"end":{"line":362,"column":30}},"224":{"start":{"line":363,"column":6},"end":{"line":363,"column":49}},"225":{"start":{"line":364,"column":6},"end":{"line":364,"column":22}},"226":{"start":{"line":369,"column":0},"end":{"line":369,"column":7}}},"fnMap":{"0":{"name":"(anonymous_1)","decl":{"start":{"line":28,"column":0},"end":{"line":28,"column":5}},"loc":{"start":{"line":28,"column":14},"end":{"line":33,"column":1}}},"1":{"name":"transitionTo","decl":{"start":{"line":69,"column":9},"end":{"line":69,"column":21}},"loc":{"start":{"line":69,"column":56},"end":{"line":71,"column":1}}},"2":{"name":"addItemToInventory","decl":{"start":{"line":73,"column":9},"end":{"line":73,"column":27}},"loc":{"start":{"line":73,"column":96},"end":{"line":84,"column":1}}},"3":{"name":"(anonymous_4)","decl":{"start":{"line":76,"column":34},"end":{"line":76,"column":35}},"loc":{"start":{"line":76,"column":39},"end":{"line":76,"column":53}}},"4":{"name":"useItemFromInventory","decl":{"start":{"line":86,"column":9},"end":{"line":86,"column":29}},"loc":{"start":{"line":86,"column":62},"end":{"line":103,"column":1}}},"5":{"name":"(anonymous_6)","decl":{"start":{"line":88,"column":34},"end":{"line":88,"column":35}},"loc":{"start":{"line":88,"column":39},"end":{"line":88,"column":54}}},"6":{"name":"(anonymous_7)","decl":{"start":{"line":123,"column":39},"end":{"line":123,"column":40}},"loc":{"start":{"line":123,"column":44},"end":{"line":123,"column":52}}},"7":{"name":"(anonymous_8)","decl":{"start":{"line":123,"column":59},"end":{"line":123,"column":60}},"loc":{"start":{"line":123,"column":63},"end":{"line":123,"column":148}}},"8":{"name":"(anonymous_9)","decl":{"start":{"line":123,"column":156},"end":{"line":123,"column":158}},"loc":{"start":{"line":123,"column":160},"end":{"line":123,"column":162}}},"9":{"name":"buyItemFromShop","decl":{"start":{"line":127,"column":9},"end":{"line":127,"column":24}},"loc":{"start":{"line":127,"column":57},"end":{"line":135,"column":1}}},"10":{"name":"(anonymous_11)","decl":{"start":{"line":128,"column":31},"end":{"line":128,"column":32}},"loc":{"start":{"line":128,"column":36},"end":{"line":128,"column":51}}},"11":{"name":"sellFirstInventoryItem","decl":{"start":{"line":137,"column":9},"end":{"line":137,"column":31}},"loc":{"start":{"line":137,"column":48},"end":{"line":147,"column":1}}},"12":{"name":"(anonymous_13)","decl":{"start":{"line":140,"column":36},"end":{"line":140,"column":37}},"loc":{"start":{"line":140,"column":41},"end":{"line":140,"column":57}}},"13":{"name":"update","decl":{"start":{"line":149,"column":9},"end":{"line":149,"column":15}},"loc":{"start":{"line":149,"column":32},"end":{"line":202,"column":1}}},"14":{"name":"render","decl":{"start":{"line":204,"column":9},"end":{"line":204,"column":15}},"loc":{"start":{"line":204,"column":32},"end":{"line":207,"column":1}}},"15":{"name":"setupInputHandlers","decl":{"start":{"line":209,"column":9},"end":{"line":209,"column":27}},"loc":{"start":{"line":209,"column":60},"end":{"line":221,"column":1}}},"16":{"name":"(anonymous_17)","decl":{"start":{"line":214,"column":27},"end":{"line":214,"column":28}},"loc":{"start":{"line":214,"column":45},"end":{"line":220,"column":3}}},"17":{"name":"main","decl":{"start":{"line":223,"column":9},"end":{"line":223,"column":13}},"loc":{"start":{"line":223,"column":13},"end":{"line":367,"column":1}}},"18":{"name":"loadMenuDefs","decl":{"start":{"line":227,"column":11},"end":{"line":227,"column":23}},"loc":{"start":{"line":227,"column":23},"end":{"line":239,"column":3}}},"19":{"name":"handleKey","decl":{"start":{"line":244,"column":11},"end":{"line":244,"column":20}},"loc":{"start":{"line":244,"column":32},"end":{"line":321,"column":3}}},"20":{"name":"renderUI","decl":{"start":{"line":325,"column":11},"end":{"line":325,"column":19}},"loc":{"start":{"line":325,"column":19},"end":{"line":354,"column":3}}},"21":{"name":"(anonymous_22)","decl":{"start":{"line":329,"column":30},"end":{"line":329,"column":31}},"loc":{"start":{"line":329,"column":41},"end":{"line":331,"column":7}}},"22":{"name":"(anonymous_23)","decl":{"start":{"line":334,"column":31},"end":{"line":334,"column":32}},"loc":{"start":{"line":334,"column":42},"end":{"line":336,"column":7}}},"23":{"name":"(anonymous_24)","decl":{"start":{"line":349,"column":28},"end":{"line":349,"column":29}},"loc":{"start":{"line":349,"column":39},"end":{"line":349,"column":89}}},"24":{"name":"(anonymous_25)","decl":{"start":{"line":356,"column":31},"end":{"line":356,"column":34}},"loc":{"start":{"line":356,"column":36},"end":{"line":366,"column":3}}}},"branchMap":{"0":{"loc":{"start":{"line":28,"column":5},"end":{"line":28,"column":null}},"type":"binary-expr","locations":[{"start":{"line":28,"column":5},"end":{"line":28,"column":14}},{"start":{"line":28,"column":5},"end":{"line":28,"column":null}}]},"1":{"loc":{"start":{"line":74,"column":52},"end":{"line":74,"column":67}},"type":"binary-expr","locations":[{"start":{"line":74,"column":52},"end":{"line":74,"column":62}},{"start":{"line":74,"column":66},"end":{"line":74,"column":67}}]},"2":{"loc":{"start":{"line":77,"column":2},"end":{"line":82,"column":3}},"type":"if","locations":[{"start":{"line":77,"column":2},"end":{"line":82,"column":3}},{"start":{"line":79,"column":9},"end":{"line":82,"column":3}}]},"3":{"loc":{"start":{"line":80,"column":4},"end":{"line":81,"column":103}},"type":"if","locations":[{"start":{"line":80,"column":4},"end":{"line":81,"column":103}},{"start":{"line":81,"column":9},"end":{"line":81,"column":103}}]},"4":{"loc":{"start":{"line":89,"column":2},"end":{"line":89,"column":107}},"type":"if","locations":[{"start":{"line":89,"column":2},"end":{"line":89,"column":107}}]},"5":{"loc":{"start":{"line":92,"column":2},"end":{"line":98,"column":3}},"type":"if","locations":[{"start":{"line":92,"column":2},"end":{"line":98,"column":3}},{"start":{"line":94,"column":9},"end":{"line":98,"column":3}}]},"6":{"loc":{"start":{"line":94,"column":9},"end":{"line":98,"column":3}},"type":"if","locations":[{"start":{"line":94,"column":9},"end":{"line":98,"column":3}},{"start":{"line":96,"column":9},"end":{"line":98,"column":3}}]},"7":{"loc":{"start":{"line":99,"column":2},"end":{"line":100,"column":32}},"type":"if","locations":[{"start":{"line":99,"column":2},"end":{"line":100,"column":32}},{"start":{"line":100,"column":7},"end":{"line":100,"column":32}}]},"8":{"loc":{"start":{"line":118,"column":2},"end":{"line":119,"column":59}},"type":"if","locations":[{"start":{"line":118,"column":2},"end":{"line":119,"column":59}},{"start":{"line":119,"column":7},"end":{"line":119,"column":59}}]},"9":{"loc":{"start":{"line":119,"column":7},"end":{"line":119,"column":59}},"type":"if","locations":[{"start":{"line":119,"column":7},"end":{"line":119,"column":59}}]},"10":{"loc":{"start":{"line":119,"column":11},"end":{"line":119,"column":32}},"type":"binary-expr","locations":[{"start":{"line":119,"column":11},"end":{"line":119,"column":17}},{"start":{"line":119,"column":21},"end":{"line":119,"column":32}}]},"11":{"loc":{"start":{"line":122,"column":2},"end":{"line":124,"column":3}},"type":"if","locations":[{"start":{"line":122,"column":2},"end":{"line":124,"column":3}}]},"12":{"loc":{"start":{"line":123,"column":66},"end":{"line":123,"column":146}},"type":"if","locations":[{"start":{"line":123,"column":66},"end":{"line":123,"column":146}},{"start":{"line":123,"column":109},"end":{"line":123,"column":146}}]},"13":{"loc":{"start":{"line":123,"column":109},"end":{"line":123,"column":146}},"type":"if","locations":[{"start":{"line":123,"column":109},"end":{"line":123,"column":146}}]},"14":{"loc":{"start":{"line":123,"column":113},"end":{"line":123,"column":124}},"type":"binary-expr","locations":[{"start":{"line":123,"column":113},"end":{"line":123,"column":114}},{"start":{"line":123,"column":118},"end":{"line":123,"column":124}}]},"15":{"loc":{"start":{"line":129,"column":2},"end":{"line":129,"column":110}},"type":"if","locations":[{"start":{"line":129,"column":2},"end":{"line":129,"column":110}}]},"16":{"loc":{"start":{"line":130,"column":2},"end":{"line":130,"column":133}},"type":"if","locations":[{"start":{"line":130,"column":2},"end":{"line":130,"column":133}}]},"17":{"loc":{"start":{"line":131,"column":2},"end":{"line":131,"column":154}},"type":"if","locations":[{"start":{"line":131,"column":2},"end":{"line":131,"column":154}}]},"18":{"loc":{"start":{"line":138,"column":2},"end":{"line":138,"column":138}},"type":"if","locations":[{"start":{"line":138,"column":2},"end":{"line":138,"column":138}}]},"19":{"loc":{"start":{"line":141,"column":16},"end":{"line":141,"column":63}},"type":"cond-expr","locations":[{"start":{"line":141,"column":28},"end":{"line":141,"column":59}},{"start":{"line":141,"column":62},"end":{"line":141,"column":63}}]},"20":{"loc":{"start":{"line":143,"column":2},"end":{"line":144,"column":30}},"type":"if","locations":[{"start":{"line":143,"column":2},"end":{"line":144,"column":30}},{"start":{"line":144,"column":7},"end":{"line":144,"column":30}}]},"21":{"loc":{"start":{"line":152,"column":2},"end":{"line":201,"column":3}},"type":"switch","locations":[{"start":{"line":153,"column":4},"end":{"line":157,"column":18}},{"start":{"line":159,"column":4},"end":{"line":185,"column":21}},{"start":{"line":187,"column":4},"end":{"line":191,"column":18}},{"start":{"line":193,"column":4},"end":{"line":197,"column":18}},{"start":{"line":199,"column":4},"end":{"line":200,"column":18}}]},"22":{"loc":{"start":{"line":154,"column":6},"end":{"line":156,"column":7}},"type":"if","locations":[{"start":{"line":154,"column":6},"end":{"line":156,"column":7}}]},"23":{"loc":{"start":{"line":163,"column":6},"end":{"line":165,"column":7}},"type":"if","locations":[{"start":{"line":163,"column":6},"end":{"line":165,"column":7}}]},"24":{"loc":{"start":{"line":168,"column":6},"end":{"line":179,"column":7}},"type":"if","locations":[{"start":{"line":168,"column":6},"end":{"line":179,"column":7}},{"start":{"line":175,"column":13},"end":{"line":179,"column":7}}]},"25":{"loc":{"start":{"line":168,"column":10},"end":{"line":168,"column":68}},"type":"binary-expr","locations":[{"start":{"line":168,"column":10},"end":{"line":168,"column":24}},{"start":{"line":168,"column":28},"end":{"line":168,"column":68}}]},"26":{"loc":{"start":{"line":174,"column":8},"end":{"line":174,"column":40}},"type":"if","locations":[{"start":{"line":174,"column":8},"end":{"line":174,"column":40}}]},"27":{"loc":{"start":{"line":178,"column":50},"end":{"line":178,"column":92}},"type":"cond-expr","locations":[{"start":{"line":178,"column":66},"end":{"line":178,"column":85}},{"start":{"line":178,"column":88},"end":{"line":178,"column":92}}]},"28":{"loc":{"start":{"line":182,"column":6},"end":{"line":184,"column":7}},"type":"if","locations":[{"start":{"line":182,"column":6},"end":{"line":184,"column":7}}]},"29":{"loc":{"start":{"line":188,"column":6},"end":{"line":190,"column":7}},"type":"if","locations":[{"start":{"line":188,"column":6},"end":{"line":190,"column":7}}]},"30":{"loc":{"start":{"line":194,"column":6},"end":{"line":196,"column":7}},"type":"if","locations":[{"start":{"line":194,"column":6},"end":{"line":196,"column":7}}]},"31":{"loc":{"start":{"line":211,"column":2},"end":{"line":211,"column":92}},"type":"if","locations":[{"start":{"line":211,"column":2},"end":{"line":211,"column":92}}]},"32":{"loc":{"start":{"line":211,"column":6},"end":{"line":211,"column":83}},"type":"binary-expr","locations":[{"start":{"line":211,"column":6},"end":{"line":211,"column":36}},{"start":{"line":211,"column":40},"end":{"line":211,"column":54}},{"start":{"line":211,"column":58},"end":{"line":211,"column":83}}]},"33":{"loc":{"start":{"line":217,"column":4},"end":{"line":219,"column":5}},"type":"if","locations":[{"start":{"line":217,"column":4},"end":{"line":219,"column":5}}]},"34":{"loc":{"start":{"line":233,"column":18},"end":{"line":233,"column":98}},"type":"cond-expr","locations":[{"start":{"line":233,"column":49},"end":{"line":233,"column":62}},{"start":{"line":233,"column":65},"end":{"line":233,"column":98}}]},"35":{"loc":{"start":{"line":234,"column":19},"end":{"line":234,"column":105}},"type":"cond-expr","locations":[{"start":{"line":234,"column":51},"end":{"line":234,"column":65}},{"start":{"line":234,"column":68},"end":{"line":234,"column":105}}]},"36":{"loc":{"start":{"line":246,"column":4},"end":{"line":253,"column":5}},"type":"if","locations":[{"start":{"line":246,"column":4},"end":{"line":253,"column":5}}]},"37":{"loc":{"start":{"line":247,"column":6},"end":{"line":251,"column":7}},"type":"if","locations":[{"start":{"line":247,"column":6},"end":{"line":251,"column":7}},{"start":{"line":249,"column":13},"end":{"line":251,"column":7}}]},"38":{"loc":{"start":{"line":249,"column":13},"end":{"line":251,"column":7}},"type":"if","locations":[{"start":{"line":249,"column":13},"end":{"line":251,"column":7}}]},"39":{"loc":{"start":{"line":256,"column":4},"end":{"line":259,"column":5}},"type":"if","locations":[{"start":{"line":256,"column":4},"end":{"line":259,"column":5}}]},"40":{"loc":{"start":{"line":260,"column":4},"end":{"line":267,"column":5}},"type":"if","locations":[{"start":{"line":260,"column":4},"end":{"line":267,"column":5}}]},"41":{"loc":{"start":{"line":261,"column":6},"end":{"line":265,"column":7}},"type":"if","locations":[{"start":{"line":261,"column":6},"end":{"line":265,"column":7}},{"start":{"line":263,"column":13},"end":{"line":265,"column":7}}]},"42":{"loc":{"start":{"line":270,"column":4},"end":{"line":281,"column":5}},"type":"if","locations":[{"start":{"line":270,"column":4},"end":{"line":281,"column":5}}]},"43":{"loc":{"start":{"line":271,"column":6},"end":{"line":279,"column":7}},"type":"if","locations":[{"start":{"line":271,"column":6},"end":{"line":279,"column":7}},{"start":{"line":273,"column":13},"end":{"line":279,"column":7}}]},"44":{"loc":{"start":{"line":271,"column":10},"end":{"line":271,"column":63}},"type":"binary-expr","locations":[{"start":{"line":271,"column":10},"end":{"line":271,"column":28}},{"start":{"line":271,"column":32},"end":{"line":271,"column":48}},{"start":{"line":271,"column":52},"end":{"line":271,"column":63}}]},"45":{"loc":{"start":{"line":273,"column":13},"end":{"line":279,"column":7}},"type":"if","locations":[{"start":{"line":273,"column":13},"end":{"line":279,"column":7}},{"start":{"line":275,"column":13},"end":{"line":279,"column":7}}]},"46":{"loc":{"start":{"line":273,"column":17},"end":{"line":273,"column":70}},"type":"binary-expr","locations":[{"start":{"line":273,"column":17},"end":{"line":273,"column":35}},{"start":{"line":273,"column":39},"end":{"line":273,"column":55}},{"start":{"line":273,"column":59},"end":{"line":273,"column":70}}]},"47":{"loc":{"start":{"line":275,"column":13},"end":{"line":279,"column":7}},"type":"if","locations":[{"start":{"line":275,"column":13},"end":{"line":279,"column":7}}]},"48":{"loc":{"start":{"line":275,"column":17},"end":{"line":275,"column":45}},"type":"binary-expr","locations":[{"start":{"line":275,"column":17},"end":{"line":275,"column":29}},{"start":{"line":275,"column":33},"end":{"line":275,"column":45}}]},"49":{"loc":{"start":{"line":277,"column":8},"end":{"line":278,"column":70}},"type":"if","locations":[{"start":{"line":277,"column":8},"end":{"line":278,"column":70}},{"start":{"line":278,"column":13},"end":{"line":278,"column":70}}]},"50":{"loc":{"start":{"line":277,"column":84},"end":{"line":277,"column":125}},"type":"if","locations":[{"start":{"line":277,"column":84},"end":{"line":277,"column":125}}]},"51":{"loc":{"start":{"line":277,"column":126},"end":{"line":277,"column":168}},"type":"if","locations":[{"start":{"line":277,"column":126},"end":{"line":277,"column":168}}]},"52":{"loc":{"start":{"line":278,"column":13},"end":{"line":278,"column":70}},"type":"if","locations":[{"start":{"line":278,"column":13},"end":{"line":278,"column":70}}]},"53":{"loc":{"start":{"line":283,"column":4},"end":{"line":306,"column":5}},"type":"if","locations":[{"start":{"line":283,"column":4},"end":{"line":306,"column":5}}]},"54":{"loc":{"start":{"line":285,"column":6},"end":{"line":304,"column":7}},"type":"if","locations":[{"start":{"line":285,"column":6},"end":{"line":304,"column":7}},{"start":{"line":289,"column":13},"end":{"line":304,"column":7}}]},"55":{"loc":{"start":{"line":285,"column":10},"end":{"line":285,"column":36}},"type":"binary-expr","locations":[{"start":{"line":285,"column":10},"end":{"line":285,"column":21}},{"start":{"line":285,"column":25},"end":{"line":285,"column":36}}]},"56":{"loc":{"start":{"line":286,"column":23},"end":{"line":286,"column":65}},"type":"cond-expr","locations":[{"start":{"line":286,"column":48},"end":{"line":286,"column":56}},{"start":{"line":286,"column":59},"end":{"line":286,"column":65}}]},"57":{"loc":{"start":{"line":287,"column":25},"end":{"line":287,"column":64}},"type":"cond-expr","locations":[{"start":{"line":287,"column":47},"end":{"line":287,"column":55}},{"start":{"line":287,"column":58},"end":{"line":287,"column":64}}]},"58":{"loc":{"start":{"line":289,"column":13},"end":{"line":304,"column":7}},"type":"if","locations":[{"start":{"line":289,"column":13},"end":{"line":304,"column":7}},{"start":{"line":295,"column":13},"end":{"line":304,"column":7}}]},"59":{"loc":{"start":{"line":290,"column":8},"end":{"line":294,"column":9}},"type":"if","locations":[{"start":{"line":290,"column":8},"end":{"line":294,"column":9}},{"start":{"line":292,"column":15},"end":{"line":294,"column":9}}]},"60":{"loc":{"start":{"line":295,"column":13},"end":{"line":304,"column":7}},"type":"if","locations":[{"start":{"line":295,"column":13},"end":{"line":304,"column":7}},{"start":{"line":298,"column":13},"end":{"line":304,"column":7}}]},"61":{"loc":{"start":{"line":298,"column":13},"end":{"line":304,"column":7}},"type":"if","locations":[{"start":{"line":298,"column":13},"end":{"line":304,"column":7}},{"start":{"line":301,"column":13},"end":{"line":304,"column":7}}]},"62":{"loc":{"start":{"line":301,"column":13},"end":{"line":304,"column":7}},"type":"if","locations":[{"start":{"line":301,"column":13},"end":{"line":304,"column":7}}]},"63":{"loc":{"start":{"line":308,"column":4},"end":{"line":320,"column":5}},"type":"if","locations":[{"start":{"line":308,"column":4},"end":{"line":320,"column":5}}]},"64":{"loc":{"start":{"line":309,"column":6},"end":{"line":318,"column":7}},"type":"if","locations":[{"start":{"line":309,"column":6},"end":{"line":318,"column":7}},{"start":{"line":311,"column":13},"end":{"line":318,"column":7}}]},"65":{"loc":{"start":{"line":309,"column":10},"end":{"line":309,"column":63}},"type":"binary-expr","locations":[{"start":{"line":309,"column":10},"end":{"line":309,"column":28}},{"start":{"line":309,"column":32},"end":{"line":309,"column":48}},{"start":{"line":309,"column":52},"end":{"line":309,"column":63}}]},"66":{"loc":{"start":{"line":311,"column":13},"end":{"line":318,"column":7}},"type":"if","locations":[{"start":{"line":311,"column":13},"end":{"line":318,"column":7}},{"start":{"line":313,"column":13},"end":{"line":318,"column":7}}]},"67":{"loc":{"start":{"line":311,"column":17},"end":{"line":311,"column":70}},"type":"binary-expr","locations":[{"start":{"line":311,"column":17},"end":{"line":311,"column":35}},{"start":{"line":311,"column":39},"end":{"line":311,"column":55}},{"start":{"line":311,"column":59},"end":{"line":311,"column":70}}]},"68":{"loc":{"start":{"line":313,"column":13},"end":{"line":318,"column":7}},"type":"if","locations":[{"start":{"line":313,"column":13},"end":{"line":318,"column":7}}]},"69":{"loc":{"start":{"line":313,"column":17},"end":{"line":313,"column":45}},"type":"binary-expr","locations":[{"start":{"line":313,"column":17},"end":{"line":313,"column":29}},{"start":{"line":313,"column":33},"end":{"line":313,"column":45}}]},"70":{"loc":{"start":{"line":315,"column":8},"end":{"line":317,"column":115}},"type":"if","locations":[{"start":{"line":315,"column":8},"end":{"line":317,"column":115}},{"start":{"line":316,"column":13},"end":{"line":317,"column":115}}]},"71":{"loc":{"start":{"line":316,"column":13},"end":{"line":317,"column":115}},"type":"if","locations":[{"start":{"line":316,"column":13},"end":{"line":317,"column":115}},{"start":{"line":317,"column":13},"end":{"line":317,"column":115}}]},"72":{"loc":{"start":{"line":317,"column":13},"end":{"line":317,"column":115}},"type":"if","locations":[{"start":{"line":317,"column":13},"end":{"line":317,"column":115}}]},"73":{"loc":{"start":{"line":326,"column":4},"end":{"line":353,"column":5}},"type":"if","locations":[{"start":{"line":326,"column":4},"end":{"line":353,"column":5}},{"start":{"line":332,"column":11},"end":{"line":353,"column":5}}]},"74":{"loc":{"start":{"line":330,"column":21},"end":{"line":330,"column":54}},"type":"cond-expr","locations":[{"start":{"line":330,"column":43},"end":{"line":330,"column":47}},{"start":{"line":330,"column":50},"end":{"line":330,"column":54}}]},"75":{"loc":{"start":{"line":332,"column":11},"end":{"line":353,"column":5}},"type":"if","locations":[{"start":{"line":332,"column":11},"end":{"line":353,"column":5}},{"start":{"line":337,"column":11},"end":{"line":353,"column":5}}]},"76":{"loc":{"start":{"line":335,"column":21},"end":{"line":335,"column":55}},"type":"cond-expr","locations":[{"start":{"line":335,"column":44},"end":{"line":335,"column":48}},{"start":{"line":335,"column":51},"end":{"line":335,"column":55}}]},"77":{"loc":{"start":{"line":337,"column":11},"end":{"line":353,"column":5}},"type":"if","locations":[{"start":{"line":337,"column":11},"end":{"line":353,"column":5}}]},"78":{"loc":{"start":{"line":343,"column":6},"end":{"line":345,"column":7}},"type":"if","locations":[{"start":{"line":343,"column":6},"end":{"line":345,"column":7}}]},"79":{"loc":{"start":{"line":347,"column":6},"end":{"line":352,"column":7}},"type":"if","locations":[{"start":{"line":347,"column":6},"end":{"line":352,"column":7}},{"start":{"line":350,"column":13},"end":{"line":352,"column":7}}]},"80":{"loc":{"start":{"line":347,"column":10},"end":{"line":347,"column":47}},"type":"binary-expr","locations":[{"start":{"line":347,"column":10},"end":{"line":347,"column":21}},{"start":{"line":347,"column":25},"end":{"line":347,"column":47}}]},"81":{"loc":{"start":{"line":361,"column":4},"end":{"line":365,"column":5}},"type":"if","locations":[{"start":{"line":361,"column":4},"end":{"line":365,"column":5}}]}},"s":{"0":0,"1":0,"2":0,"3":0,"4":0,"5":0,"6":0,"7":0,"8":0,"9":0,"10":0,"11":0,"12":0,"13":0,"14":0,"15":0,"16":0,"17":0,"18":0,"19":0,"20":0,"21":0,"22":0,"23":0,"24":0,"25":0,"26":0,"27":0,"28":0,"29":0,"30":0,"31":0,"32":0,"33":0,"34":0,"35":0,"36":0,"37":0,"38":0,"39":0,"40":0,"41":0,"42":0,"43":0,"44":0,"45":0,"46":0,"47":0,"48":0,"49":0,"50":0,"51":0,"52":0,"53":0,"54":0,"55":0,"56":0,"57":0,"58":0,"59":0,"60":0,"61":0,"62":0,"63":0,"64":0,"65":0,"66":0,"67":0,"68":0,"69":0,"70":0,"71":0,"72":0,"73":0,"74":0,"75":0,"76":0,"77":0,"78":0,"79":0,"80":0,"81":0,"82":0,"83":0,"84":0,"85":0,"86":0,"87":0,"88":0,"89":0,"90":0,"91":0,"92":0,"93":0,"94":0,"95":0,"96":0,"97":0,"98":0,"99":0,"100":0,"101":0,"102":0,"103":0,"104":0,"105":0,"106":0,"107":0,"108":0,"109":0,"110":0,"111":0,"112":0,"113":0,"114":0,"115":0,"116":0,"117":0,"118":0,"119":0,"120":0,"121":0,"122":0,"123":0,"124":0,"125":0,"126":0,"127":0,"128":0,"129":0,"130":0,"131":0,"132":0,"133":0,"134":0,"135":0,"136":0,"137":0,"138":0,"139":0,"140":0,"141":0,"142":0,"143":0,"144":0,"145":0,"146":0,"147":0,"148":0,"149":0,"150":0,"151":0,"152":0,"153":0,"154":0,"155":0,"156":0,"157":0,"158":0,"159":0,"160":0,"161":0,"162":0,"163":0,"164":0,"165":0,"166":0,"167":0,"168":0,"169":0,"170":0,"171":0,"172":0,"173":0,"174":0,"175":0,"176":0,"177":0,"178":0,"179":0,"180":0,"181":0,"182":0,"183":0,"184":0,"185":0,"186":0,"187":0,"188":0,"189":0,"190":0,"191":0,"192":0,"193":0,"194":0,"195":0,"196":0,"197":0,"198":0,"199":0,"200":0,"201":0,"202":0,"203":0,"204":0,"205":0,"206":0,"207":0,"208":0,"209":0,"210":0,"211":0,"212":0,"213":0,"214":0,"215":0,"216":0,"217":0,"218":0,"219":0,"220":0,"221":0,"222":0,"223":0,"224":0,"225":0,"226":0},"f":{"0":0,"1":0,"2":0,"3":0,"4":0,"5":0,"6":0,"7":0,"8":0,"9":0,"10":0,"11":0,"12":0,"13":0,"14":0,"15":0,"16":0,"17":0,"18":0,"19":0,"20":0,"21":0,"22":0,"23":0,"24":0},"b":{"0":[0,0],"1":[0,0],"2":[0,0],"3":[0,0],"4":[0],"5":[0,0],"6":[0,0],"7":[0,0],"8":[0,0],"9":[0],"10":[0,0],"11":[0],"12":[0,0],"13":[0],"14":[0,0],"15":[0],"16":[0],"17":[0],"18":[0],"19":[0,0],"20":[0,0],"21":[0,0,0,0,0],"22":[0],"23":[0],"24":[0,0],"25":[0,0],"26":[0],"27":[0,0],"28":[0],"29":[0],"30":[0],"31":[0],"32":[0,0,0],"33":[0],"34":[0,0],"35":[0,0],"36":[0],"37":[0,0],"38":[0],"39":[0],"40":[0],"41":[0,0],"42":[0],"43":[0,0],"44":[0,0,0],"45":[0,0],"46":[0,0,0],"47":[0],"48":[0,0],"49":[0,0],"50":[0],"51":[0],"52":[0],"53":[0],"54":[0,0],"55":[0,0],"56":[0,0],"57":[0,0],"58":[0,0],"59":[0,0],"60":[0,0],"61":[0,0],"62":[0],"63":[0],"64":[0,0],"65":[0,0,0],"66":[0,0],"67":[0,0,0],"68":[0],"69":[0,0],"70":[0,0],"71":[0,0],"72":[0],"73":[0,0],"74":[0,0],"75":[0,0],"76":[0,0],"77":[0],"78":[0],"79":[0,0],"80":[0,0],"81":[0]}}
,"/home/geni/AI’s Game!/src/input.ts": {"path":"/home/geni/AI’s Game!/src/input.ts","statementMap":{"0":{"start":{"line":7,"column":0},"end":{"line":7,"column":16}},"1":{"start":{"line":22,"column":0},"end":{"line":22,"column":16}},"2":{"start":{"line":26,"column":0},"end":{"line":26,"column":16}},"3":{"start":{"line":30,"column":0},"end":{"line":30,"column":16}},"4":{"start":{"line":38,"column":0},"end":{"line":38,"column":16}},"5":{"start":{"line":47,"column":0},"end":{"line":47,"column":16}},"6":{"start":{"line":55,"column":0},"end":{"line":55,"column":16}},"7":{"start":{"line":1,"column":13},"end":{"line":1,"column":33}},"8":{"start":{"line":3,"column":39},"end":{"line":3,"column":41}},"9":{"start":{"line":4,"column":50},"end":{"line":4,"column":52}},"10":{"start":{"line":5,"column":38},"end":{"line":5,"column":42}},"11":{"start":{"line":8,"column":4},"end":{"line":16,"column":7}},"12":{"start":{"line":9,"column":8},"end":{"line":9,"column":28}},"13":{"start":{"line":10,"column":8},"end":{"line":15,"column":9}},"14":{"start":{"line":11,"column":12},"end":{"line":11,"column":43}},"15":{"start":{"line":12,"column":12},"end":{"line":14,"column":13}},"16":{"start":{"line":13,"column":16},"end":{"line":13,"column":33}},"17":{"start":{"line":17,"column":4},"end":{"line":19,"column":7}},"18":{"start":{"line":18,"column":8},"end":{"line":18,"column":29}},"19":{"start":{"line":23,"column":4},"end":{"line":23,"column":30}},"20":{"start":{"line":27,"column":4},"end":{"line":27,"column":34}},"21":{"start":{"line":31,"column":4},"end":{"line":34,"column":5}},"22":{"start":{"line":32,"column":8},"end":{"line":32,"column":41}},"23":{"start":{"line":33,"column":8},"end":{"line":33,"column":20}},"24":{"start":{"line":35,"column":4},"end":{"line":35,"column":17}},"25":{"start":{"line":39,"column":4},"end":{"line":39,"column":25}},"26":{"start":{"line":48,"column":4},"end":{"line":48,"column":37}},"27":{"start":{"line":56,"column":4},"end":{"line":56,"column":14}},"28":{"start":{"line":57,"column":4},"end":{"line":57,"column":25}}},"fnMap":{"0":{"name":"initInput","decl":{"start":{"line":7,"column":16},"end":{"line":7,"column":25}},"loc":{"start":{"line":7,"column":25},"end":{"line":20,"column":1}}},"1":{"name":"(anonymous_1)","decl":{"start":{"line":8,"column":39},"end":{"line":8,"column":40}},"loc":{"start":{"line":8,"column":45},"end":{"line":16,"column":5}}},"2":{"name":"(anonymous_2)","decl":{"start":{"line":17,"column":37},"end":{"line":17,"column":38}},"loc":{"start":{"line":17,"column":43},"end":{"line":19,"column":5}}},"3":{"name":"setRewindCallback","decl":{"start":{"line":22,"column":16},"end":{"line":22,"column":33}},"loc":{"start":{"line":22,"column":52},"end":{"line":24,"column":1}}},"4":{"name":"isKeyPressed","decl":{"start":{"line":26,"column":16},"end":{"line":26,"column":28}},"loc":{"start":{"line":26,"column":44},"end":{"line":28,"column":1}}},"5":{"name":"isKeyJustPressed","decl":{"start":{"line":30,"column":16},"end":{"line":30,"column":32}},"loc":{"start":{"line":30,"column":48},"end":{"line":36,"column":1}}},"6":{"name":"clearJustPressedKeys","decl":{"start":{"line":38,"column":16},"end":{"line":38,"column":36}},"loc":{"start":{"line":38,"column":36},"end":{"line":40,"column":1}}},"7":{"name":"_setKeyJustPressed","decl":{"start":{"line":47,"column":16},"end":{"line":47,"column":34}},"loc":{"start":{"line":47,"column":66},"end":{"line":49,"column":1}}},"8":{"name":"_clearKeys","decl":{"start":{"line":55,"column":16},"end":{"line":55,"column":26}},"loc":{"start":{"line":55,"column":26},"end":{"line":58,"column":1}}}},"branchMap":{"0":{"loc":{"start":{"line":10,"column":8},"end":{"line":15,"column":9}},"type":"if","locations":[{"start":{"line":10,"column":8},"end":{"line":15,"column":9}}]},"1":{"loc":{"start":{"line":12,"column":12},"end":{"line":14,"column":13}},"type":"if","locations":[{"start":{"line":12,"column":12},"end":{"line":14,"column":13}}]},"2":{"loc":{"start":{"line":12,"column":16},"end":{"line":12,"column":55}},"type":"binary-expr","locations":[{"start":{"line":12,"column":16},"end":{"line":12,"column":37}},{"start":{"line":12,"column":41},"end":{"line":12,"column":55}}]},"3":{"loc":{"start":{"line":31,"column":4},"end":{"line":34,"column":5}},"type":"if","locations":[{"start":{"line":31,"column":4},"end":{"line":34,"column":5}}]}},"s":{"0":1,"1":1,"2":1,"3":1,"4":1,"5":1,"6":1,"7":1,"8":1,"9":1,"10":1,"11":6,"12":0,"13":0,"14":0,"15":0,"16":0,"17":6,"18":0,"19":0,"20":0,"21":3,"22":2,"23":2,"24":1,"25":1,"26":2,"27":6,"28":6},"f":{"0":6,"1":0,"2":0,"3":0,"4":0,"5":3,"6":1,"7":2,"8":6},"b":{"0":[0],"1":[0],"2":[0,0],"3":[2]}}
,"/home/geni/AI’s Game!/src/main.ts": {"path":"/home/geni/AI’s Game!/src/main.ts","statementMap":{"0":{"start":{"line":2,"column":13},"end":{"line":2,"column":28}},"1":{"start":{"line":3,"column":0},"end":{"line":3,"column":59}}},"fnMap":{},"branchMap":{},"s":{"0":0,"1":0},"f":{},"b":{}}
,"/home/geni/AI’s Game!/src/npc.ts": {"path":"/home/geni/AI’s Game!/src/npc.ts","statementMap":{"0":{"start":{"line":16,"column":0},"end":{"line":16,"column":7}},"1":{"start":{"line":4,"column":21},"end":{"line":4,"column":34}},"2":{"start":{"line":8,"column":4},"end":{"line":8,"column":65}},"3":{"start":{"line":8,"column":40},"end":{"line":8,"column":55}},"4":{"start":{"line":12,"column":4},"end":{"line":12,"column":24}},"5":{"start":{"line":3,"column":0},"end":{"line":3,"column":13}},"6":{"start":{"line":17,"column":18},"end":{"line":17,"column":36}},"7":{"start":{"line":18,"column":2},"end":{"line":18,"column":55}},"8":{"start":{"line":18,"column":16},"end":{"line":18,"column":55}},"9":{"start":{"line":19,"column":2},"end":{"line":19,"column":26}}},"fnMap":{"0":{"name":"(anonymous_0)","decl":{"start":{"line":4,"column":2},"end":{"line":4,"column":21}},"loc":{"start":{"line":4,"column":34},"end":{"line":4,"column":38}}},"1":{"name":"(anonymous_1)","decl":{"start":{"line":7,"column":2},"end":{"line":7,"column":7}},"loc":{"start":{"line":7,"column":24},"end":{"line":9,"column":3}}},"2":{"name":"(anonymous_2)","decl":{"start":{"line":8,"column":35},"end":{"line":8,"column":36}},"loc":{"start":{"line":8,"column":40},"end":{"line":8,"column":55}}},"3":{"name":"(anonymous_3)","decl":{"start":{"line":11,"column":2},"end":{"line":11,"column":10}},"loc":{"start":{"line":11,"column":10},"end":{"line":13,"column":3}}},"4":{"name":"loadNPC","decl":{"start":{"line":16,"column":22},"end":{"line":16,"column":29}},"loc":{"start":{"line":16,"column":66},"end":{"line":20,"column":1}}}},"branchMap":{"0":{"loc":{"start":{"line":7,"column":8},"end":{"line":7,"column":24}},"type":"default-arg","locations":[{"start":{"line":7,"column":17},"end":{"line":7,"column":24}}]},"1":{"loc":{"start":{"line":8,"column":11},"end":{"line":8,"column":64}},"type":"binary-expr","locations":[{"start":{"line":8,"column":11},"end":{"line":8,"column":56}},{"start":{"line":8,"column":60},"end":{"line":8,"column":64}}]},"2":{"loc":{"start":{"line":18,"column":2},"end":{"line":18,"column":55}},"type":"if","locations":[{"start":{"line":18,"column":2},"end":{"line":18,"column":55}}]}},"s":{"0":0,"1":0,"2":0,"3":0,"4":0,"5":0,"6":0,"7":0,"8":0,"9":0},"f":{"0":0,"1":0,"2":0,"3":0,"4":0},"b":{"0":[0],"1":[0,0],"2":[0]}}
,"/home/geni/AI’s Game!/src/player.ts": {"path":"/home/geni/AI’s Game!/src/player.ts","statementMap":{"0":{"start":{"line":1,"column":0},"end":{"line":1,"column":33}},"1":{"start":{"line":11,"column":4},"end":{"line":11,"column":24}},"2":{"start":{"line":12,"column":4},"end":{"line":12,"column":30}},"3":{"start":{"line":13,"column":4},"end":{"line":13,"column":23}},"4":{"start":{"line":14,"column":4},"end":{"line":14,"column":25}},"5":{"start":{"line":15,"column":4},"end":{"line":15,"column":26}},"6":{"start":{"line":19,"column":4},"end":{"line":22,"column":5}},"7":{"start":{"line":20,"column":6},"end":{"line":20,"column":35}},"8":{"start":{"line":21,"column":6},"end":{"line":21,"column":28}},"9":{"start":{"line":26,"column":4},"end":{"line":26,"column":33}},"10":{"start":{"line":27,"column":4},"end":{"line":27,"column":69}},"11":{"start":{"line":27,"column":39},"end":{"line":27,"column":69}},"12":{"start":{"line":31,"column":4},"end":{"line":31,"column":26}},"13":{"start":{"line":34,"column":20},"end":{"line":34,"column":48}},"14":{"start":{"line":35,"column":4},"end":{"line":39,"column":5}},"15":{"start":{"line":36,"column":6},"end":{"line":36,"column":27}},"16":{"start":{"line":38,"column":6},"end":{"line":38,"column":21}},"17":{"start":{"line":42,"column":20},"end":{"line":42,"column":48}},"18":{"start":{"line":43,"column":4},"end":{"line":57,"column":5}},"19":{"start":{"line":44,"column":6},"end":{"line":44,"column":27}},"20":{"start":{"line":45,"column":6},"end":{"line":45,"column":28}},"21":{"start":{"line":48,"column":6},"end":{"line":55,"column":7}},"22":{"start":{"line":49,"column":22},"end":{"line":49,"column":92}},"23":{"start":{"line":50,"column":8},"end":{"line":50,"column":67}},"24":{"start":{"line":51,"column":8},"end":{"line":51,"column":29}},"25":{"start":{"line":53,"column":22},"end":{"line":53,"column":78}},"26":{"start":{"line":54,"column":8},"end":{"line":54,"column":59}},"27":{"start":{"line":56,"column":6},"end":{"line":56,"column":21}},"28":{"start":{"line":61,"column":17},"end":{"line":61,"column":44}},"29":{"start":{"line":62,"column":18},"end":{"line":62,"column":72}},"30":{"start":{"line":63,"column":16},"end":{"line":63,"column":43}},"31":{"start":{"line":64,"column":19},"end":{"line":64,"column":74}},"32":{"start":{"line":66,"column":4},"end":{"line":70,"column":5}},"33":{"start":{"line":66,"column":18},"end":{"line":66,"column":21}},"34":{"start":{"line":67,"column":6},"end":{"line":69,"column":7}},"35":{"start":{"line":67,"column":20},"end":{"line":67,"column":24}},"36":{"start":{"line":68,"column":8},"end":{"line":68,"column":51}},"37":{"start":{"line":68,"column":39},"end":{"line":68,"column":51}},"38":{"start":{"line":71,"column":4},"end":{"line":71,"column":17}},"39":{"start":{"line":3,"column":0},"end":{"line":3,"column":13}}},"fnMap":{"0":{"name":"(anonymous_9)","decl":{"start":{"line":10,"column":2},"end":{"line":10,"column":14}},"loc":{"start":{"line":10,"column":83},"end":{"line":16,"column":3}}},"1":{"name":"(anonymous_10)","decl":{"start":{"line":18,"column":2},"end":{"line":18,"column":6}},"loc":{"start":{"line":18,"column":6},"end":{"line":23,"column":3}}},"2":{"name":"(anonymous_11)","decl":{"start":{"line":25,"column":2},"end":{"line":25,"column":14}},"loc":{"start":{"line":25,"column":25},"end":{"line":28,"column":3}}},"3":{"name":"(anonymous_12)","decl":{"start":{"line":30,"column":2},"end":{"line":30,"column":8}},"loc":{"start":{"line":30,"column":84},"end":{"line":58,"column":3}}},"4":{"name":"(anonymous_13)","decl":{"start":{"line":60,"column":2},"end":{"line":60,"column":13}},"loc":{"start":{"line":60,"column":99},"end":{"line":72,"column":3}}}},"branchMap":{"0":{"loc":{"start":{"line":10,"column":14},"end":{"line":10,"column":27}},"type":"default-arg","locations":[{"start":{"line":10,"column":26},"end":{"line":10,"column":27}}]},"1":{"loc":{"start":{"line":10,"column":29},"end":{"line":10,"column":42}},"type":"default-arg","locations":[{"start":{"line":10,"column":41},"end":{"line":10,"column":42}}]},"2":{"loc":{"start":{"line":10,"column":44},"end":{"line":10,"column":62}},"type":"default-arg","locations":[{"start":{"line":10,"column":60},"end":{"line":10,"column":62}}]},"3":{"loc":{"start":{"line":10,"column":64},"end":{"line":10,"column":83}},"type":"default-arg","locations":[{"start":{"line":10,"column":81},"end":{"line":10,"column":83}}]},"4":{"loc":{"start":{"line":19,"column":4},"end":{"line":22,"column":5}},"type":"if","locations":[{"start":{"line":19,"column":4},"end":{"line":22,"column":5}}]},"5":{"loc":{"start":{"line":27,"column":4},"end":{"line":27,"column":69}},"type":"if","locations":[{"start":{"line":27,"column":4},"end":{"line":27,"column":69}}]},"6":{"loc":{"start":{"line":35,"column":4},"end":{"line":39,"column":5}},"type":"if","locations":[{"start":{"line":35,"column":4},"end":{"line":39,"column":5}},{"start":{"line":37,"column":11},"end":{"line":39,"column":5}}]},"7":{"loc":{"start":{"line":43,"column":4},"end":{"line":57,"column":5}},"type":"if","locations":[{"start":{"line":43,"column":4},"end":{"line":57,"column":5}},{"start":{"line":46,"column":11},"end":{"line":57,"column":5}}]},"8":{"loc":{"start":{"line":48,"column":6},"end":{"line":55,"column":7}},"type":"if","locations":[{"start":{"line":48,"column":6},"end":{"line":55,"column":7}},{"start":{"line":52,"column":13},"end":{"line":55,"column":7}}]},"9":{"loc":{"start":{"line":68,"column":8},"end":{"line":68,"column":51}},"type":"if","locations":[{"start":{"line":68,"column":8},"end":{"line":68,"column":51}}]}},"s":{"0":1,"1":4,"2":4,"3":4,"4":4,"5":4,"6":2,"7":1,"8":1,"9":3,"10":3,"11":2,"12":1,"13":1,"14":1,"15":1,"16":0,"17":1,"18":1,"19":1,"20":1,"21":0,"22":0,"23":0,"24":0,"25":0,"26":0,"27":0,"28":2,"29":2,"30":2,"31":2,"32":2,"33":2,"34":3,"35":3,"36":3,"37":0,"38":2,"39":1},"f":{"0":4,"1":2,"2":3,"3":1,"4":2},"b":{"0":[0],"1":[0],"2":[4],"3":[4],"4":[1],"5":[2],"6":[1,0],"7":[1,0],"8":[0,0],"9":[0]}}
,"/home/geni/AI’s Game!/src/quests.ts": {"path":"/home/geni/AI’s Game!/src/quests.ts","statementMap":{"0":{"start":{"line":3,"column":13},"end":{"line":3,"column":35}},"1":{"start":{"line":4,"column":13},"end":{"line":4,"column":38}},"2":{"start":{"line":21,"column":0},"end":{"line":21,"column":null}},"3":{"start":{"line":22,"column":2},"end":{"line":22,"column":null}},"4":{"start":{"line":23,"column":2},"end":{"line":23,"column":null}},"5":{"start":{"line":24,"column":2},"end":{"line":24,"column":null}},"6":{"start":{"line":34,"column":10},"end":{"line":34,"column":52}},"7":{"start":{"line":35,"column":10},"end":{"line":35,"column":54}},"8":{"start":{"line":40,"column":4},"end":{"line":40,"column":56}},"9":{"start":{"line":40,"column":28},"end":{"line":40,"column":56}},"10":{"start":{"line":44,"column":4},"end":{"line":47,"column":7}},"11":{"start":{"line":45,"column":16},"end":{"line":45,"column":37}},"12":{"start":{"line":46,"column":6},"end":{"line":46,"column":54}},"13":{"start":{"line":51,"column":4},"end":{"line":51,"column":46}},"14":{"start":{"line":51,"column":33},"end":{"line":51,"column":46}},"15":{"start":{"line":52,"column":24},"end":{"line":52,"column":108}},"16":{"start":{"line":52,"column":69},"end":{"line":52,"column":100}},"17":{"start":{"line":53,"column":4},"end":{"line":53,"column":55}},"18":{"start":{"line":53,"column":42},"end":{"line":53,"column":55}},"19":{"start":{"line":54,"column":18},"end":{"line":54,"column":41}},"20":{"start":{"line":55,"column":4},"end":{"line":55,"column":93}},"21":{"start":{"line":57,"column":4},"end":{"line":57,"column":62}},"22":{"start":{"line":57,"column":40},"end":{"line":57,"column":62}},"23":{"start":{"line":58,"column":4},"end":{"line":58,"column":16}},"24":{"start":{"line":62,"column":18},"end":{"line":62,"column":45}},"25":{"start":{"line":63,"column":18},"end":{"line":63,"column":42}},"26":{"start":{"line":64,"column":4},"end":{"line":64,"column":78}},"27":{"start":{"line":64,"column":65},"end":{"line":64,"column":78}},"28":{"start":{"line":65,"column":16},"end":{"line":65,"column":64}},"29":{"start":{"line":65,"column":43},"end":{"line":65,"column":63}},"30":{"start":{"line":66,"column":4},"end":{"line":66,"column":44}},"31":{"start":{"line":66,"column":31},"end":{"line":66,"column":44}},"32":{"start":{"line":67,"column":4},"end":{"line":67,"column":25}},"33":{"start":{"line":68,"column":4},"end":{"line":68,"column":35}},"34":{"start":{"line":69,"column":4},"end":{"line":71,"column":5}},"35":{"start":{"line":70,"column":6},"end":{"line":70,"column":43}},"36":{"start":{"line":72,"column":4},"end":{"line":72,"column":16}},"37":{"start":{"line":76,"column":4},"end":{"line":76,"column":36}},"38":{"start":{"line":80,"column":4},"end":{"line":83,"column":23}},"39":{"start":{"line":81,"column":25},"end":{"line":81,"column":56}},"40":{"start":{"line":82,"column":21},"end":{"line":82,"column":44}},"41":{"start":{"line":87,"column":18},"end":{"line":87,"column":42}},"42":{"start":{"line":88,"column":18},"end":{"line":88,"column":45}},"43":{"start":{"line":89,"column":4},"end":{"line":89,"column":80}},"44":{"start":{"line":89,"column":68},"end":{"line":89,"column":80}},"45":{"start":{"line":91,"column":4},"end":{"line":91,"column":97}},"46":{"start":{"line":91,"column":27},"end":{"line":91,"column":97}},"47":{"start":{"line":93,"column":4},"end":{"line":93,"column":61}},"48":{"start":{"line":98,"column":15},"end":{"line":98,"column":33}},"49":{"start":{"line":99,"column":4},"end":{"line":101,"column":5}},"50":{"start":{"line":100,"column":6},"end":{"line":100,"column":37}},"51":{"start":{"line":102,"column":4},"end":{"line":102,"column":14}},"52":{"start":{"line":33,"column":0},"end":{"line":33,"column":13}}},"fnMap":{"0":{"name":"(anonymous_0)","decl":{"start":{"line":21,"column":0},"end":{"line":21,"column":12}},"loc":{"start":{"line":21,"column":23},"end":{"line":25,"column":1}}},"1":{"name":"(anonymous_1)","decl":{"start":{"line":37,"column":2},"end":{"line":37,"column":17}},"loc":{"start":{"line":37,"column":2},"end":{"line":37,"column":18}}},"2":{"name":"(anonymous_2)","decl":{"start":{"line":39,"column":2},"end":{"line":39,"column":12}},"loc":{"start":{"line":39,"column":28},"end":{"line":41,"column":3}}},"3":{"name":"(anonymous_3)","decl":{"start":{"line":43,"column":2},"end":{"line":43,"column":15}},"loc":{"start":{"line":43,"column":15},"end":{"line":48,"column":3}}},"4":{"name":"(anonymous_4)","decl":{"start":{"line":44,"column":54},"end":{"line":44,"column":55}},"loc":{"start":{"line":44,"column":58},"end":{"line":47,"column":5}}},"5":{"name":"(anonymous_5)","decl":{"start":{"line":50,"column":2},"end":{"line":50,"column":13}},"loc":{"start":{"line":50,"column":24},"end":{"line":59,"column":3}}},"6":{"name":"(anonymous_6)","decl":{"start":{"line":52,"column":64},"end":{"line":52,"column":65}},"loc":{"start":{"line":52,"column":69},"end":{"line":52,"column":100}}},"7":{"name":"(anonymous_7)","decl":{"start":{"line":61,"column":2},"end":{"line":61,"column":19}},"loc":{"start":{"line":61,"column":56},"end":{"line":73,"column":3}}},"8":{"name":"(anonymous_8)","decl":{"start":{"line":65,"column":38},"end":{"line":65,"column":39}},"loc":{"start":{"line":65,"column":43},"end":{"line":65,"column":63}}},"9":{"name":"(anonymous_9)","decl":{"start":{"line":75,"column":2},"end":{"line":75,"column":15}},"loc":{"start":{"line":75,"column":31},"end":{"line":77,"column":3}}},"10":{"name":"(anonymous_10)","decl":{"start":{"line":79,"column":2},"end":{"line":79,"column":17}},"loc":{"start":{"line":79,"column":17},"end":{"line":84,"column":3}}},"11":{"name":"(anonymous_11)","decl":{"start":{"line":81,"column":14},"end":{"line":81,"column":15}},"loc":{"start":{"line":81,"column":25},"end":{"line":81,"column":56}}},"12":{"name":"(anonymous_12)","decl":{"start":{"line":82,"column":11},"end":{"line":82,"column":12}},"loc":{"start":{"line":82,"column":21},"end":{"line":82,"column":44}}},"13":{"name":"(anonymous_13)","decl":{"start":{"line":86,"column":2},"end":{"line":86,"column":13}},"loc":{"start":{"line":86,"column":29},"end":{"line":94,"column":3}}},"14":{"name":"(anonymous_14)","decl":{"start":{"line":97,"column":2},"end":{"line":97,"column":8}},"loc":{"start":{"line":97,"column":27},"end":{"line":103,"column":3}}}},"branchMap":{"0":{"loc":{"start":{"line":21,"column":12},"end":{"line":21,"column":null}},"type":"binary-expr","locations":[{"start":{"line":21,"column":12},"end":{"line":21,"column":23}},{"start":{"line":21,"column":23},"end":{"line":21,"column":null}}]},"1":{"loc":{"start":{"line":46,"column":13},"end":{"line":46,"column":53}},"type":"binary-expr","locations":[{"start":{"line":46,"column":13},"end":{"line":46,"column":15}},{"start":{"line":46,"column":19},"end":{"line":46,"column":53}}]},"2":{"loc":{"start":{"line":51,"column":4},"end":{"line":51,"column":46}},"type":"if","locations":[{"start":{"line":51,"column":4},"end":{"line":51,"column":46}}]},"3":{"loc":{"start":{"line":53,"column":4},"end":{"line":53,"column":55}},"type":"if","locations":[{"start":{"line":53,"column":4},"end":{"line":53,"column":55}}]},"4":{"loc":{"start":{"line":64,"column":4},"end":{"line":64,"column":78}},"type":"if","locations":[{"start":{"line":64,"column":4},"end":{"line":64,"column":78}}]},"5":{"loc":{"start":{"line":64,"column":8},"end":{"line":64,"column":63}},"type":"binary-expr","locations":[{"start":{"line":64,"column":8},"end":{"line":64,"column":14}},{"start":{"line":64,"column":18},"end":{"line":64,"column":24}},{"start":{"line":64,"column":28},"end":{"line":64,"column":63}}]},"6":{"loc":{"start":{"line":66,"column":4},"end":{"line":66,"column":44}},"type":"if","locations":[{"start":{"line":66,"column":4},"end":{"line":66,"column":44}}]},"7":{"loc":{"start":{"line":66,"column":8},"end":{"line":66,"column":29}},"type":"binary-expr","locations":[{"start":{"line":66,"column":8},"end":{"line":66,"column":12}},{"start":{"line":66,"column":16},"end":{"line":66,"column":29}}]},"8":{"loc":{"start":{"line":69,"column":4},"end":{"line":71,"column":5}},"type":"if","locations":[{"start":{"line":69,"column":4},"end":{"line":71,"column":5}}]},"9":{"loc":{"start":{"line":89,"column":4},"end":{"line":89,"column":80}},"type":"if","locations":[{"start":{"line":89,"column":4},"end":{"line":89,"column":80}}]},"10":{"loc":{"start":{"line":89,"column":8},"end":{"line":89,"column":66}},"type":"binary-expr","locations":[{"start":{"line":89,"column":8},"end":{"line":89,"column":14}},{"start":{"line":89,"column":18},"end":{"line":89,"column":24}},{"start":{"line":89,"column":28},"end":{"line":89,"column":66}}]},"11":{"loc":{"start":{"line":91,"column":4},"end":{"line":91,"column":97}},"type":"if","locations":[{"start":{"line":91,"column":4},"end":{"line":91,"column":97}}]},"12":{"loc":{"start":{"line":93,"column":19},"end":{"line":93,"column":58}},"type":"binary-expr","locations":[{"start":{"line":93,"column":19},"end":{"line":93,"column":35}},{"start":{"line":93,"column":39},"end":{"line":93,"column":58}}]},"13":{"loc":{"start":{"line":99,"column":4},"end":{"line":101,"column":5}},"type":"if","locations":[{"start":{"line":99,"column":4},"end":{"line":101,"column":5}}]}},"s":{"0":0,"1":0,"2":0,"3":0,"4":0,"5":0,"6":0,"7":0,"8":0,"9":0,"10":0,"11":0,"12":0,"13":0,"14":0,"15":0,"16":0,"17":0,"18":0,"19":0,"20":0,"21":0,"22":0,"23":0,"24":0,"25":0,"26":0,"27":0,"28":0,"29":0,"30":0,"31":0,"32":0,"33":0,"34":0,"35":0,"36":0,"37":0,"38":0,"39":0,"40":0,"41":0,"42":0,"43":0,"44":0,"45":0,"46":0,"47":0,"48":0,"49":0,"50":0,"51":0,"52":0},"f":{"0":0,"1":0,"2":0,"3":0,"4":0,"5":0,"6":0,"7":0,"8":0,"9":0,"10":0,"11":0,"12":0,"13":0,"14":0},"b":{"0":[0,0],"1":[0,0],"2":[0],"3":[0],"4":[0],"5":[0,0,0],"6":[0],"7":[0,0],"8":[0],"9":[0],"10":[0,0,0],"11":[0],"12":[0,0],"13":[0]}}
,"/home/geni/AI’s Game!/src/save.ts": {"path":"/home/geni/AI’s Game!/src/save.ts","statementMap":{"0":{"start":{"line":8,"column":0},"end":{"line":8,"column":16}},"1":{"start":{"line":31,"column":0},"end":{"line":31,"column":16}},"2":{"start":{"line":60,"column":0},"end":{"line":60,"column":16}},"3":{"start":{"line":1,"column":0},"end":{"line":1,"column":37}},"4":{"start":{"line":3,"column":13},"end":{"line":3,"column":38}},"5":{"start":{"line":9,"column":15},"end":{"line":9,"column":80}},"6":{"start":{"line":10,"column":2},"end":{"line":10,"column":69}},"7":{"start":{"line":10,"column":12},"end":{"line":10,"column":69}},"8":{"start":{"line":12,"column":56},"end":{"line":12,"column":65}},"9":{"start":{"line":13,"column":2},"end":{"line":19,"column":3}},"10":{"start":{"line":14,"column":4},"end":{"line":18,"column":5}},"11":{"start":{"line":15,"column":18},"end":{"line":15,"column":29}},"12":{"start":{"line":16,"column":6},"end":{"line":16,"column":58}},"13":{"start":{"line":16,"column":33},"end":{"line":16,"column":58}},"14":{"start":{"line":17,"column":6},"end":{"line":17,"column":55}},"15":{"start":{"line":21,"column":19},"end":{"line":21,"column":102}},"16":{"start":{"line":21,"column":75},"end":{"line":21,"column":100}},"17":{"start":{"line":22,"column":15},"end":{"line":26,"column":4}},"18":{"start":{"line":27,"column":2},"end":{"line":27,"column":39}},"19":{"start":{"line":32,"column":2},"end":{"line":56,"column":3}},"20":{"start":{"line":33,"column":19},"end":{"line":33,"column":35}},"21":{"start":{"line":34,"column":4},"end":{"line":34,"column":102}},"22":{"start":{"line":34,"column":65},"end":{"line":34,"column":102}},"23":{"start":{"line":35,"column":20},"end":{"line":35,"column":39}},"24":{"start":{"line":36,"column":15},"end":{"line":36,"column":21}},"25":{"start":{"line":37,"column":4},"end":{"line":39,"column":5}},"26":{"start":{"line":38,"column":6},"end":{"line":38,"column":33}},"27":{"start":{"line":41,"column":87},"end":{"line":41,"column":89}},"28":{"start":{"line":42,"column":4},"end":{"line":49,"column":5}},"29":{"start":{"line":43,"column":17},"end":{"line":43,"column":23}},"30":{"start":{"line":44,"column":20},"end":{"line":44,"column":40}},"31":{"start":{"line":45,"column":6},"end":{"line":48,"column":7}},"32":{"start":{"line":46,"column":8},"end":{"line":46,"column":63}},"33":{"start":{"line":46,"column":36},"end":{"line":46,"column":63}},"34":{"start":{"line":47,"column":8},"end":{"line":47,"column":68}},"35":{"start":{"line":51,"column":20},"end":{"line":51,"column":77}},"36":{"start":{"line":52,"column":4},"end":{"line":52,"column":117}},"37":{"start":{"line":52,"column":61},"end":{"line":52,"column":117}},"38":{"start":{"line":53,"column":4},"end":{"line":53,"column":50}},"39":{"start":{"line":55,"column":4},"end":{"line":55,"column":69}},"40":{"start":{"line":62,"column":2},"end":{"line":62,"column":16}}},"fnMap":{"0":{"name":"serializeWorldToJson","decl":{"start":{"line":8,"column":16},"end":{"line":8,"column":36}},"loc":{"start":{"line":8,"column":49},"end":{"line":28,"column":1}}},"1":{"name":"(anonymous_1)","decl":{"start":{"line":21,"column":57},"end":{"line":21,"column":58}},"loc":{"start":{"line":21,"column":75},"end":{"line":21,"column":100}}},"2":{"name":"deserializeWorldFromJson","decl":{"start":{"line":31,"column":16},"end":{"line":31,"column":40}},"loc":{"start":{"line":31,"column":53},"end":{"line":57,"column":1}}},"3":{"name":"migrateSave","decl":{"start":{"line":60,"column":16},"end":{"line":60,"column":27}},"loc":{"start":{"line":60,"column":39},"end":{"line":63,"column":1}}}},"branchMap":{"0":{"loc":{"start":{"line":9,"column":15},"end":{"line":9,"column":80}},"type":"cond-expr","locations":[{"start":{"line":9,"column":45},"end":{"line":9,"column":73}},{"start":{"line":9,"column":76},"end":{"line":9,"column":80}}]},"1":{"loc":{"start":{"line":10,"column":2},"end":{"line":10,"column":69}},"type":"if","locations":[{"start":{"line":10,"column":2},"end":{"line":10,"column":69}}]},"2":{"loc":{"start":{"line":16,"column":6},"end":{"line":16,"column":58}},"type":"if","locations":[{"start":{"line":16,"column":6},"end":{"line":16,"column":58}}]},"3":{"loc":{"start":{"line":34,"column":4},"end":{"line":34,"column":102}},"type":"if","locations":[{"start":{"line":34,"column":4},"end":{"line":34,"column":102}}]},"4":{"loc":{"start":{"line":34,"column":8},"end":{"line":34,"column":63}},"type":"binary-expr","locations":[{"start":{"line":34,"column":8},"end":{"line":34,"column":20}},{"start":{"line":34,"column":24},"end":{"line":34,"column":63}}]},"5":{"loc":{"start":{"line":37,"column":4},"end":{"line":39,"column":5}},"type":"if","locations":[{"start":{"line":37,"column":4},"end":{"line":39,"column":5}}]},"6":{"loc":{"start":{"line":42,"column":22},"end":{"line":42,"column":41}},"type":"binary-expr","locations":[{"start":{"line":42,"column":22},"end":{"line":42,"column":35}},{"start":{"line":42,"column":39},"end":{"line":42,"column":41}}]},"7":{"loc":{"start":{"line":44,"column":20},"end":{"line":44,"column":40}},"type":"binary-expr","locations":[{"start":{"line":44,"column":20},"end":{"line":44,"column":34}},{"start":{"line":44,"column":38},"end":{"line":44,"column":40}}]},"8":{"loc":{"start":{"line":46,"column":8},"end":{"line":46,"column":63}},"type":"if","locations":[{"start":{"line":46,"column":8},"end":{"line":46,"column":63}}]},"9":{"loc":{"start":{"line":51,"column":36},"end":{"line":51,"column":58}},"type":"binary-expr","locations":[{"start":{"line":51,"column":36},"end":{"line":51,"column":53}},{"start":{"line":51,"column":57},"end":{"line":51,"column":58}}]},"10":{"loc":{"start":{"line":52,"column":4},"end":{"line":52,"column":117}},"type":"if","locations":[{"start":{"line":52,"column":4},"end":{"line":52,"column":117}}]}},"s":{"0":0,"1":0,"2":0,"3":0,"4":0,"5":0,"6":0,"7":0,"8":0,"9":0,"10":0,"11":0,"12":0,"13":0,"14":0,"15":0,"16":0,"17":0,"18":0,"19":0,"20":0,"21":0,"22":0,"23":0,"24":0,"25":0,"26":0,"27":0,"28":0,"29":0,"30":0,"31":0,"32":0,"33":0,"34":0,"35":0,"36":0,"37":0,"38":0,"39":0,"40":0},"f":{"0":0,"1":0,"2":0,"3":0},"b":{"0":[0,0],"1":[0],"2":[0],"3":[0],"4":[0,0],"5":[0],"6":[0,0],"7":[0,0],"8":[0],"9":[0,0],"10":[0]}}
,"/home/geni/AI’s Game!/src/assets/audio.ts": {"path":"/home/geni/AI’s Game!/src/assets/audio.ts","statementMap":{"0":{"start":{"line":11,"column":0},"end":{"line":11,"column":16}},"1":{"start":{"line":2,"column":13},"end":{"line":2,"column":41}},"2":{"start":{"line":4,"column":13},"end":{"line":7,"column":11}},"3":{"start":{"line":12,"column":2},"end":{"line":12,"column":20}}},"fnMap":{"0":{"name":"getAudioPath","decl":{"start":{"line":11,"column":16},"end":{"line":11,"column":28}},"loc":{"start":{"line":11,"column":42},"end":{"line":13,"column":1}}}},"branchMap":{},"s":{"0":0,"1":0,"2":0,"3":0},"f":{"0":0},"b":{}}
,"/home/geni/AI’s Game!/src/assets/registry.ts": {"path":"/home/geni/AI’s Game!/src/assets/registry.ts","statementMap":{"0":{"start":{"line":1,"column":13},"end":{"line":1,"column":63}},"1":{"start":{"line":2,"column":13},"end":{"line":2,"column":59}},"2":{"start":{"line":3,"column":13},"end":{"line":3,"column":57}},"3":{"start":{"line":4,"column":13},"end":{"line":4,"column":50}},"4":{"start":{"line":5,"column":13},"end":{"line":5,"column":59}},"5":{"start":{"line":6,"column":13},"end":{"line":6,"column":56}},"6":{"start":{"line":7,"column":13},"end":{"line":7,"column":52}},"7":{"start":{"line":8,"column":13},"end":{"line":8,"column":52}}},"fnMap":{},"branchMap":{},"s":{"0":0,"1":0,"2":0,"3":0,"4":0,"5":0,"6":0,"7":0},"f":{},"b":{}}
,"/home/geni/AI’s Game!/src/audio/audioManager.ts": {"path":"/home/geni/AI’s Game!/src/audio/audioManager.ts","statementMap":{"0":{"start":{"line":1,"column":0},"end":{"line":1,"column":66}},"1":{"start":{"line":18,"column":4},"end":{"line":22,"column":5}},"2":{"start":{"line":19,"column":6},"end":{"line":19,"column":123}},"3":{"start":{"line":21,"column":6},"end":{"line":21,"column":43}},"4":{"start":{"line":26,"column":4},"end":{"line":26,"column":28}},"5":{"start":{"line":30,"column":4},"end":{"line":30,"column":31}},"6":{"start":{"line":34,"column":4},"end":{"line":34,"column":26}},"7":{"start":{"line":38,"column":4},"end":{"line":38,"column":29}},"8":{"start":{"line":42,"column":4},"end":{"line":42,"column":34}},"9":{"start":{"line":14,"column":0},"end":{"line":14,"column":13}},"10":{"start":{"line":47,"column":13},"end":{"line":53,"column":2}},"11":{"start":{"line":48,"column":36},"end":{"line":48,"column":69}},"12":{"start":{"line":49,"column":29},"end":{"line":49,"column":68}},"13":{"start":{"line":50,"column":34},"end":{"line":50,"column":65}},"14":{"start":{"line":51,"column":27},"end":{"line":51,"column":64}},"15":{"start":{"line":52,"column":53},"end":{"line":52,"column":86}},"16":{"start":{"line":55,"column":0},"end":{"line":55,"column":28}}},"fnMap":{"0":{"name":"(anonymous_0)","decl":{"start":{"line":17,"column":2},"end":{"line":17,"column":14}},"loc":{"start":{"line":17,"column":53},"end":{"line":23,"column":3}}},"1":{"name":"(anonymous_1)","decl":{"start":{"line":25,"column":2},"end":{"line":25,"column":16}},"loc":{"start":{"line":25,"column":26},"end":{"line":27,"column":3}}},"2":{"name":"(anonymous_2)","decl":{"start":{"line":29,"column":2},"end":{"line":29,"column":16}},"loc":{"start":{"line":29,"column":16},"end":{"line":31,"column":3}}},"3":{"name":"(anonymous_3)","decl":{"start":{"line":33,"column":2},"end":{"line":33,"column":14}},"loc":{"start":{"line":33,"column":24},"end":{"line":35,"column":3}}},"4":{"name":"(anonymous_4)","decl":{"start":{"line":37,"column":2},"end":{"line":37,"column":14}},"loc":{"start":{"line":37,"column":14},"end":{"line":39,"column":3}}},"5":{"name":"(anonymous_5)","decl":{"start":{"line":41,"column":2},"end":{"line":41,"column":16}},"loc":{"start":{"line":41,"column":16},"end":{"line":43,"column":3}}},"6":{"name":"(anonymous_6)","decl":{"start":{"line":48,"column":2},"end":{"line":48,"column":16}},"loc":{"start":{"line":48,"column":26},"end":{"line":48,"column":71}}},"7":{"name":"(anonymous_7)","decl":{"start":{"line":49,"column":2},"end":{"line":49,"column":16}},"loc":{"start":{"line":49,"column":16},"end":{"line":49,"column":70}}},"8":{"name":"(anonymous_8)","decl":{"start":{"line":50,"column":2},"end":{"line":50,"column":14}},"loc":{"start":{"line":50,"column":24},"end":{"line":50,"column":67}}},"9":{"name":"(anonymous_9)","decl":{"start":{"line":51,"column":2},"end":{"line":51,"column":14}},"loc":{"start":{"line":51,"column":14},"end":{"line":51,"column":66}}},"10":{"name":"(anonymous_10)","decl":{"start":{"line":52,"column":2},"end":{"line":52,"column":16}},"loc":{"start":{"line":52,"column":16},"end":{"line":52,"column":88}}}},"branchMap":{"0":{"loc":{"start":{"line":18,"column":4},"end":{"line":22,"column":5}},"type":"if","locations":[{"
[...]
ne":113,"column":8},"end":{"line":113,"column":27}},"type":"binary-expr","locations":[{"start":{"line":113,"column":8},"end":{"line":113,"column":12}},{"start":{"line":113,"column":16},"end":{"line":113,"column":27}}]},"20":{"loc":{"start":{"line":119,"column":8},"end":{"line":133,"column":9}},"type":"switch","locations":[{"start":{"line":120,"column":10},"end":{"line":123,"column":18}},{"start":{"line":124,"column":10},"end":{"line":128,"column":18}},{"start":{"line":129,"column":10},"end":{"line":129,"column":21}},{"start":{"line":130,"column":10},"end":{"line":132,"column":18}}]},"21":{"loc":{"start":{"line":143,"column":8},"end":{"line":151,"column":9}},"type":"if","locations":[{"start":{"line":143,"column":8},"end":{"line":151,"column":9}}]},"22":{"loc":{"start":{"line":161,"column":4},"end":{"line":161,"column":80}},"type":"if","locations":[{"start":{"line":161,"column":4},"end":{"line":161,"column":80}}]},"23":{"loc":{"start":{"line":161,"column":8},"end":{"line":161,"column":65}},"type":"binary-expr","locations":[{"start":{"line":161,"column":8},"end":{"line":161,"column":14}},{"start":{"line":161,"column":18},"end":{"line":161,"column":24}},{"start":{"line":161,"column":28},"end":{"line":161,"column":45}},{"start":{"line":161,"column":49},"end":{"line":161,"column":65}}]}},"s":{"0":0,"1":0,"2":0,"3":0,"4":0,"5":0,"6":0,"7":0,"8":0,"9":0,"10":0,"11":0,"12":0,"13":0,"14":0,"15":0,"16":0,"17":0,"18":0,"19":0,"20":0,"21":0,"22":0,"23":0,"24":0,"25":0,"26":0,"27":0,"28":0,"29":0,"30":0,"31":0,"32":0,"33":0,"34":0,"35":0,"36":0,"37":0,"38":0,"39":0,"40":0,"41":0,"42":0,"43":0,"44":0,"45":0,"46":0,"47":0,"48":0,"49":0,"50":0,"51":0,"52":0,"53":0,"54":0,"55":0,"56":0,"57":0,"58":0,"59":0,"60":0,"61":0,"62":0,"63":0,"64":0,"65":0,"66":0,"67":0,"68":0,"69":0,"70":0,"71":0,"72":0,"73":0,"74":0,"75":0,"76":0,"77":0,"78":0,"79":0,"80":0,"81":0,"82":0,"83":0,"84":0,"85":0,"86":0,"87":0,"88":0,"89":0,"90":0,"91":0,"92":0,"93":0,"94":0},"f":{"0":0,"1":0,"2":0,"3":0,"4":0,"5":0,"6":0,"7":0,"8":0,"9":0},"b":{"0":[0,0],"1":[0,0],"2":[0,0],"3":[0],"4":[0],"5":[0],"6":[0,0],"7":[0],"8":[0,0],"9":[0,0],"10":[0],"11":[0,0],"12":[0,0],"13":[0,0],"14":[0],"15":[0,0],"16":[0],"17":[0,0],"18":[0],"19":[0,0],"20":[0,0,0,0],"21":[0],"22":[0],"23":[0,0,0,0]}}
,"/home/geni/AI’s Game!/src/time/constants.ts": {"path":"/home/geni/AI’s Game!/src/time/constants.ts","statementMap":{"0":{"start":{"line":7,"column":0},"end":{"line":7,"column":null}},"1":{"start":{"line":8,"column":2},"end":{"line":8,"column":null}},"2":{"start":{"line":9,"column":2},"end":{"line":9,"column":null}},"3":{"start":{"line":10,"column":2},"end":{"line":10,"column":null}},"4":{"start":{"line":17,"column":13},"end":{"line":17,"column":41}}},"fnMap":{"0":{"name":"(anonymous_0)","decl":{"start":{"line":7,"column":0},"end":{"line":7,"column":12}},"loc":{"start":{"line":7,"column":24},"end":{"line":11,"column":1}}}},"branchMap":{"0":{"loc":{"start":{"line":7,"column":12},"end":{"line":7,"column":null}},"type":"binary-expr","locations":[{"start":{"line":7,"column":12},"end":{"line":7,"column":24}},{"start":{"line":7,"column":24},"end":{"line":7,"column":null}}]}},"s":{"0":2,"1":2,"2":2,"3":2,"4":2},"f":{"0":2},"b":{"0":[2,2]}}
,"/home/geni/AI’s Game!/src/time/objectTime.ts": {"path":"/home/geni/AI’s Game!/src/time/objectTime.ts","statementMap":{"0":{"start":{"line":12,"column":0},"end":{"line":12,"column":16}},"1":{"start":{"line":35,"column":0},"end":{"line":35,"column":16}},"2":{"start":{"line":2,"column":0},"end":{"line":2,"column":68}},"3":{"start":{"line":17,"column":2},"end":{"line":17,"column":71}},"4":{"start":{"line":17,"column":21},"end":{"line":17,"column":71}},"5":{"start":{"line":18,"column":2},"end":{"line":28,"column":3}},"6":{"start":{"line":20,"column":6},"end":{"line":20,"column":15}},"7":{"start":{"line":23,"column":6},"end":{"line":23,"column":77}},"8":{"start":{"line":23,"column":31},"end":{"line":23,"column":77}},"9":{"start":{"line":24,"column":6},"end":{"line":24,"column":40}},"10":{"start":{"line":27,"column":6},"end":{"line":27,"column":23}},"11":{"start":{"line":41,"column":20},"end":{"line":41,"column":74}},"12":{"start":{"line":42,"column":2},"end":{"line":42,"column":33}}},"fnMap":{"0":{"name":"getEffectiveDelta","decl":{"start":{"line":12,"column":16},"end":{"line":12,"column":33}},"loc":{"start":{"line":15,"column":50},"end":{"line":29,"column":1}}},"1":{"name":"advanceObjectTime","decl":{"start":{"line":35,"column":16},"end":{"line":35,"column":33}},"loc":{"start":{"line":39,"column":25},"end":{"line":43,"column":1}}}},"branchMap":{"0":{"loc":{"start":{"line":15,"column":2},"end":{"line":15,"column":50}},"type":"default-arg","locations":[{"start":{"line":15,"column":27},"end":{"line":15,"column":50}}]},"1":{"loc":{"start":{"line":17,"column":2},"end":{"line":17,"column":71}},"type":"if","locations":[{"start":{"line":17,"column":2},"end":{"line":17,"column":71}}]},"2":{"loc":{"start":{"line":18,"column":2},"end":{"line":28,"column":3}},"type":"switch","locations":[{"start":{"line":19,"column":4},"end":{"line":20,"column":15}},{"start":{"line":21,"column":4},"end":{"line":24,"column":40}},{"start":{"line":25,"column":4},"end":{"line":25,"column":29}},{"start":{"line":26,"column":4},"end":{"line":27,"column":23}}]},"3":{"loc":{"start":{"line":23,"column":6},"end":{"line":23,"column":77}},"type":"if","locations":[{"start":{"line":23,"column":6},"end":{"line":23,"column":77}}]}},"s":{"0":2,"1":2,"2":2,"3":13,"4":0,"5":13,"6":5,"7":3,"8":0,"9":3,"10":5,"11":9,"12":9},"f":{"0":13,"1":9},"b":{"0":[11],"1":[0],"2":[5,3,5,5],"3":[0]}}
,"/home/geni/AI’s Game!/src/time/rewind.ts": {"path":"/home/geni/AI’s Game!/src/time/rewind.ts","statementMap":{"0":{"start":{"line":2,"column":0},"end":{"line":2,"column":76}},"1":{"start":{"line":18,"column":4},"end":{"line":18,"column":43}},"2":{"start":{"line":19,"column":4},"end":{"line":19,"column":45}},"3":{"start":{"line":31,"column":26},"end":{"line":31,"column":54}},"4":{"start":{"line":34,"column":4},"end":{"line":38,"column":5}},"5":{"start":{"line":35,"column":6},"end":{"line":35,"column":72}},"6":{"start":{"line":37,"column":6},"end":{"line":37,"column":58}},"7":{"start":{"line":41,"column":4},"end":{"line":45,"column":5}},"8":{"start":{"line":42,"column":6},"end":{"line":42,"column":65}},"9":{"start":{"line":44,"column":6},"end":{"line":44,"column":60}},"10":{"start":{"line":51,"column":4},"end":{"line":56,"column":5}},"11":{"start":{"line":52,"column":8},"end":{"line":55,"column":9}},"12":{"start":{"line":54,"column":13},"end":{"line":54,"column":93}},"13":{"start":{"line":59,"column":4},"end":{"line":59,"column":54}},"14":{"start":{"line":69,"column":25},"end":{"line":69,"column":52}},"15":{"start":{"line":70,"column":25},"end":{"line":70,"column":63}},"16":{"start":{"line":75,"column":4},"end":{"line":80,"column":5}},"17":{"start":{"line":75,"column":17},"end":{"line":75,"column":40}},"18":{"start":{"line":76,"column":6},"end":{"line":79,"column":7}},"19":{"start":{"line":77,"column":8},"end":{"line":77,"column":43}},"20":{"start":{"line":78,"column":8},"end":{"line":78,"column":14}},"21":{"start":{"line":82,"column":4},"end":{"line":87,"column":5}},"22":{"start":{"line":83,"column":6},"end":{"line":83,"column":43}},"23":{"start":{"line":85,"column":6},"end":{"line":85,"column":81}},"24":{"start":{"line":86,"column":6},"end":{"line":86,"column":18}},"25":{"start":{"line":88,"column":4},"end":{"line":88,"column":17}},"26":{"start":{"line":96,"column":25},"end":{"line":96,"column":63}},"27":{"start":{"line":97,"column":4},"end":{"line":102,"column":5}},"28":{"start":{"line":98,"column":6},"end":{"line":98,"column":42}},"29":{"start":{"line":100,"column":6},"end":{"line":100,"column":81}},"30":{"start":{"line":101,"column":6},"end":{"line":101,"column":18}},"31":{"start":{"line":103,"column":4},"end":{"line":103,"column":17}},"32":{"start":{"line":9,"column":0},"end":{"line":9,"column":13}}},"fnMap":{"0":{"name":"(anonymous_0)","decl":{"start":{"line":17,"column":2},"end":{"line":17,"column":14}},"loc":{"start":{"line":17,"column":75},"end":{"line":20,"column":3}}},"1":{"name":"(anonymous_1)","decl":{"start":{"line":28,"column":9},"end":{"line":28,"column":22}},"loc":{"start":{"line":28,"column":42},"end":{"line":60,"column":3}}},"2":{"name":"(anonymous_2)","decl":{"start":{"line":68,"column":9},"end":{"line":68,"column":15}},"loc":{"start":{"line":68,"column":15},"end":{"line":89,"column":3}}},"3":{"name":"(anonymous_3)","decl":{"start":{"line":95,"column":9},"end":{"line":95,"column":29}},"loc":{"start":{"line":95,"column":29},"end":{"line":104,"column":3}}}},"branchMap":{"0":{"loc":{"start":{"line":34,"column":4},"end":{"line":38,"column":5}},"type":"if","locations":[{"start":{"line":34,"column":4},"end":{"line":38,"column":5}},{"start":{"line":36,"column":11},"end":{"line":38,"column":5}}]},"1":{"loc":{"start":{"line":34,"column":8},"end":{"line":34,"column":60}},"type":"binary-expr","locations":[{"start":{"line":34,"column":8},"end":{"line":34,"column":36}},{"start":{"line":34,"column":40},"end":{"line":34,"column":60}}]},"2":{"loc":{"start":{"line":41,"column":4},"end":{"line":45,"column":5}},"type":"if","locations":[{"start":{"line":41,"column":4},"end":{"line":45,"column":5}},{"start":{"line":43,"column":11},"end":{"line":45,"column":5}}]},"3":{"loc":{"start":{"line":41,"column":8},"end":{"line":41,"column":62}},"type":"binary-expr","locations":[{"start":{"line":41,"column":8},"end":{"line":41,"column":37}},{"start":{"line":41,"column":41},"end":{"line":41,"column":62}}]},"4":{"loc":{"start":{"line":52,"column":8},"end":{"line":55,"column":9}},"type":"if","locations":[{"start":{"line":52,"column":8},"end":{"line":55,"column":9}}]},"5":{"loc":{"start":{"line":52,"column":12},"end":{"line":53,"column":49}},"type":"binary-expr","locations":[{"start":{"line":52,"column":12},"end":{"line":52,"column":68}},{"start":{"line":53,"column":12},"end":{"line":53,"column":28}},{"start":{"line":53,"column":32},"end":{"line":53,"column":49}}]},"6":{"loc":{"start":{"line":76,"column":6},"end":{"line":79,"column":7}},"type":"if","locations":[{"start":{"line":76,"column":6},"end":{"line":79,"column":7}}]},"7":{"loc":{"start":{"line":82,"column":4},"end":{"line":87,"column":5}},"type":"if","locations":[{"start":{"line":82,"column":4},"end":{"line":87,"column":5}}]},"8":{"loc":{"start":{"line":97,"column":4},"end":{"line":102,"column":5}},"type":"if","locations":[{"start":{"line":97,"column":4},"end":{"line":102,"column":5}}]}},"s":{"0":1,"1":6,"2":6,"3":5,"4":5,"5":5,"6":0,"7":5,"8":5,"9":0,"10":5,"11":15,"12":5,"13":5,"14":5,"15":5,"16":5,"17":5,"18":7,"19":4,"20":4,"21":5,"22":4,"23":4,"24":4,"25":1,"26":1,"27":1,"28":1,"29":1,"30":1,"31":0,"32":1},"f":{"0":6,"1":5,"2":5,"3":1},"b":{"0":[5,0],"1":[5,5],"2":[5,0],"3":[5,5],"4":[5],"5":[15,15,10],"6":[4],"7":[4],"8":[1]}}
,"/home/geni/AI’s Game!/src/time/snapshot.ts": {"path":"/home/geni/AI’s Game!/src/time/snapshot.ts","statementMap":{"0":{"start":{"line":127,"column":0},"end":{"line":127,"column":16}},"1":{"start":{"line":26,"column":13},"end":{"line":26,"column":38}},"2":{"start":{"line":33,"column":10},"end":{"line":33,"column":38}},"3":{"start":{"line":34,"column":10},"end":{"line":34,"column":35}},"4":{"start":{"line":38,"column":4},"end":{"line":38,"column":37}},"5":{"start":{"line":48,"column":28},"end":{"line":48,"column":61}},"6":{"start":{"line":49,"column":4},"end":{"line":49,"column":41}},"7":{"start":{"line":50,"column":4},"end":{"line":50,"column":36}},"8":{"start":{"line":53,"column":4},"end":{"line":55,"column":5}},"9":{"start":{"line":54,"column":6},"end":{"line":54,"column":29}},"10":{"start":{"line":64,"column":4},"end":{"line":67,"column":5}},"11":{"start":{"line":65,"column":6},"end":{"line":65,"column":56}},"12":{"start":{"line":65,"column":39},"end":{"line":65,"column":56}},"13":{"start":{"line":66,"column":6},"end":{"line":66,"column":83}},"14":{"start":{"line":68,"column":18},"end":{"line":68,"column":75}},"15":{"start":{"line":68,"column":50},"end":{"line":68,"column":74}},"16":{"start":{"line":69,"column":4},"end":{"line":69,"column":65}},"17":{"start":{"line":76,"column":4},"end":{"line":76,"column":80}},"18":{"start":{"line":76,"column":42},"end":{"line":76,"column":78}},"19":{"start":{"line":83,"column":4},"end":{"line":83,"column":24}},"20":{"start":{"line":84,"column":4},"end":{"line":84,"column":26}},"21":{"start":{"line":91,"column":4},"end":{"line":91,"column":29}},"22":{"start":{"line":98,"column":4},"end":{"line":98,"column":33}},"23":{"start":{"line":107,"column":18},"end":{"line":107,"column":78}},"24":{"start":{"line":107,"column":55},"end":{"line":107,"column":77}},"25":{"start":{"line":108,"column":4},"end":{"line":110,"column":5}},"26":{"start":{"line":109,"column":6},"end":{"line":109,"column":35}},"27":{"start":{"line":112,"column":4},"end":{"line":116,"column":5}},"28":{"start":{"line":113,"column":6},"end":{"line":113,"column":74}},"29":{"start":{"line":115,"column":6},"end":{"line":115,"column":28}},"30":{"start":{"line":32,"column":0},"end":{"line":32,"column":13}},"31":{"start":{"line":130,"column":2},"end":{"line":130,"column":41}}},"fnMap":{"0":{"name":"(anonymous_0)","decl":{"start":{"line":37,"column":2},"end":{"line":37,"column":14}},"loc":{"start":{"line":37,"column":55},"end":{"line":39,"column":3}}},"1":{"name":"(anonymous_1)","decl":{"start":{"line":46,"column":9},"end":{"line":46,"column":23}},"loc":{"start":{"line":46,"column":40},"end":{"line":56,"column":3}}},"2":{"name":"(anonymous_2)","decl":{"start":{"line":63,"column":9},"end":{"line":63,"column":20}},"loc":{"start":{"line":63,"column":35},"end":{"line":70,"column":3}}},"3":{"name":"(anonymous_3)","decl":{"start":{"line":68,"column":38},"end":{"line":68,"column":46}},"loc":{"start":{"line":68,"column":50},"end":{"line":68,"column":74}}},"4":{"name":"(anonymous_4)","decl":{"start":{"line":75,"column":9},"end":{"line":75,"column":24}},"loc":{"start":{"line":75,"column":24},"end":{"line":77,"column":3}}},"5":{"name":"(anonymous_5)","decl":{"start":{"line":76,"column":30},"end":{"line":76,"column":38}},"loc":{"start":{"line":76,"column":42},"end":{"line":76,"column":78}}},"6":{"name":"(anonymous_6)","decl":{"start":{"line":82,"column":9},"end":{"line":82,"column":23}},"loc":{"start":{"line":82,"column":23},"end":{"line":85,"column":3}}},"7":{"name":"(anonymous_7)","decl":{"start":{"line":90,"column":9},"end":{"line":90,"column":24}},"loc":{"start":{"line":90,"column":24},"end":{"line":92,"column":3}}},"8":{"name":"(anonymous_8)","decl":{"start":{"line":97,"column":9},"end":{"line":97,"column":25}},"loc":{"start":{"line":97,"column":25},"end":{"line":99,"column":3}}},"9":{"name":"(anonymous_9)","decl":{"start":{"line":106,"column":9},"end":{"line":106,"column":33}},"loc":{"start":{"line":106,"column":47},"end":{"line":117,"column":3}}},"10":{"name":"(anonymous_10)","decl":{"start":{"line":107,"column":43},"end":{"line":107,"column":51}},"loc":{"start":{"line":107,"column":55},"end":{"line":107,"column":77}}},"11":{"name":"serializeGameState","decl":{"start":{"line":127,"column":16},"end":{"line":127,"column":34}},"loc":{"start":{"line":127,"column":44},"end":{"line":131,"column":1}}}},"branchMap":{"0":{"loc":{"start":{"line":37,"column":14},"end":{"line":37,"column":55}},"type":"default-arg","locations":[{"start":{"line":37,"column":37},"end":{"line":37,"column":55}}]},"1":{"loc":{"start":{"line":53,"column":4},"end":{"line":55,"column":5}},"type":"if","locations":[{"start":{"line":53,"column":4},"end":{"line":55,"column":5}}]},"2":{"loc":{"start":{"line":64,"column":4},"end":{"line":67,"column":5}},"type":"if","locations":[{"start":{"line":64,"column":4},"end":{"line":67,"column":5}}]},"3":{"loc":{"start":{"line":65,"column":6},"end":{"line":65,"column":56}},"type":"if","locations":[{"start":{"line":65,"column":6},"end":{"line":65,"column":56}}]},"4":{"loc":{"start":{"line":69,"column":11},"end":{"line":69,"column":64}},"type":"cond-expr","locations":[{"start":{"line":69,"column":19},"end":{"line":69,"column":52}},{"start":{"line":69,"column":55},"end":{"line":69,"column":64}}]},"5":{"loc":{"start":{"line":108,"column":4},"end":{"line":110,"column":5}},"type":"if","locations":[{"start":{"line":108,"column":4},"end":{"line":110,"column":5}}]},"6":{"loc":{"start":{"line":112,"column":4},"end":{"line":116,"column":5}},"type":"if","locations":[{"start":{"line":112,"column":4},"end":{"line":116,"column":5}},{"start":{"line":114,"column":11},"end":{"line":116,"column":5}}]}},"s":{"0":1,"1":1,"2":6,"3":6,"4":6,"5":23,"6":23,"7":23,"8":23,"9":0,"10":7,"11":0,"12":0,"13":0,"14":7,"15":30,"16":7,"17":6,"18":26,"19":0,"20":0,"21":5,"22":9,"23":5,"24":22,"25":5,"26":3,"27":5,"28":5,"29":0,"30":1,"31":10},"f":{"0":6,"1":23,"2":7,"3":30,"4":6,"5":26,"6":0,"7":5,"8":9,"9":5,"10":22,"11":10},"b":{"0":[0],"1":[0],"2":[0],"3":[0],"4":[4,3],"5":[3],"6":[5,0]}}
,"/home/geni/AI’s Game!/src/world/level.ts": {"path":"/home/geni/AI’s Game!/src/world/level.ts","statementMap":{"0":{"start":{"line":20,"column":0},"end":{"line":20,"column":7}},"1":{"start":{"line":40,"column":0},"end":{"line":40,"column":16}},"2":{"start":{"line":1,"column":0},"end":{"line":1,"column":36}},"3":{"start":{"line":2,"column":0},"end":{"line":2,"column":29}},"4":{"start":{"line":6,"column":13},"end":{"line":6,"column":71}},"5":{"start":{"line":7,"column":13},"end":{"line":7,"column":36}},"6":{"start":{"line":21,"column":12},"end":{"line":21,"column":43}},"7":{"start":{"line":22,"column":14},"end":{"line":22,"column":43}},"8":{"start":{"line":23,"column":17},"end":{"line":23,"column":32}},"9":{"start":{"line":26,"column":2},"end":{"line":28,"column":3}},"10":{"start":{"line":27,"column":4},"end":{"line":27,"column":84}},"11":{"start":{"line":29,"column":2},"end":{"line":32,"column":3}},"12":{"start":{"line":31,"column":4},"end":{"line":31,"column":114}},"13":{"start":{"line":33,"column":2},"end":{"line":33,"column":42}},"14":{"start":{"line":34,"column":2},"end":{"line":34,"column":25}},"15":{"start":{"line":41,"column":2},"end":{"line":47,"column":3}},"16":{"start":{"line":42,"column":16},"end":{"line":42,"column":36}},"17":{"start":{"line":43,"column":18},"end":{"line":43,"column":38}},"18":{"start":{"line":44,"column":4},"end":{"line":46,"column":5}},"19":{"start":{"line":45,"column":6},"end":{"line":45,"column":43}}},"fnMap":{"0":{"name":"loadLevelFile","decl":{"start":{"line":20,"column":22},"end":{"line":20,"column":35}},"loc":{"start":{"line":20,"column":52},"end":{"line":35,"column":1}}},"1":{"name":"instantiateLevel","decl":{"start":{"line":40,"column":16},"end":{"line":40,"column":32}},"loc":{"start":{"line":40,"column":59},"end":{"line":48,"column":1}}}},"branchMap":{"0":{"loc":{"start":{"line":26,"column":2},"end":{"line":28,"column":3}},"type":"if","locations":[{"start":{"line":26,"column":2},"end":{"line":28,"column":3}}]},"1":{"loc":{"start":{"line":26,"column":6},"end":{"line":26,"column":51}},"type":"binary-expr","locations":[{"start":{"line":26,"column":6},"end":{"line":26,"column":13}},{"start":{"line":26,"column":17},"end":{"line":26,"column":51}}]},"2":{"loc":{"start":{"line":29,"column":2},"end":{"line":32,"column":3}},"type":"if","locations":[{"start":{"line":29,"column":2},"end":{"line":32,"column":3}}]},"3":{"loc":{"start":{"line":33,"column":20},"end":{"line":33,"column":41}},"type":"binary-expr","locations":[{"start":{"line":33,"column":20},"end":{"line":33,"column":35}},{"start":{"line":33,"column":39},"end":{"line":33,"column":41}}]},"4":{"loc":{"start":{"line":43,"column":18},"end":{"line":43,"column":38}},"type":"binary-expr","locations":[{"start":{"line":43,"column":18},"end":{"line":43,"column":32}},{"start":{"line":43,"column":36},"end":{"line":43,"column":38}}]}},"s":{"0":0,"1":0,"2":0,"3":0,"4":0,"5":0,"6":0,"7":0,"8":0,"9":0,"10":0,"11":0,"12":0,"13":0,"14":0,"15":0,"16":0,"17":0,"18":0,"19":0},"f":{"0":0,"1":0},"b":{"0":[0],"1":[0,0],"2":[0],"3":[0,0],"4":[0,0]}}
}
