TN:
SF:src/constants.ts
FNF:0
FNH:0
DA:2,1
DA:3,1
DA:4,1
DA:7,1
DA:8,1
DA:9,1
DA:12,1
DA:13,1
DA:14,1
DA:15,1
DA:16,1
DA:19,1
DA:22,1
DA:25,1
LF:14
LH:14
BRF:0
BRH:0
end_of_record
TN:
SF:src/dialogue.ts
FN:8,(anonymous_9)
FN:12,(anonymous_10)
FN:24,(anonymous_11)
FN:34,(anonymous_12)
FN:47,(anonymous_13)
FNF:5
FNH:0
FNDA:0,(anonymous_9)
FNDA:0,(anonymous_10)
FNDA:0,(anonymous_11)
FNDA:0,(anonymous_12)
FNDA:0,(anonymous_13)
DA:2,0
DA:8,0
DA:9,0
DA:13,0
DA:17,0
DA:18,0
DA:19,0
DA:21,0
DA:24,0
DA:25,0
DA:26,0
DA:29,0
DA:35,0
DA:36,0
DA:37,0
DA:38,0
DA:39,0
DA:40,0
DA:41,0
DA:48,0
LF:20
LH:0
BRDA:12,0,0,0
BRDA:25,1,0,0
BRDA:25,1,1,0
BRDA:37,2,0,0
BRDA:37,3,0,0
BRDA:37,3,1,0
BRDA:40,4,0,0
BRDA:40,5,0,0
BRDA:40,5,1,0
BRDA:48,6,0,0
BRDA:48,6,1,0
BRF:11
BRH:0
end_of_record
TN:
SF:src/index.ts
FN:28,(anonymous_1)
FN:69,transitionTo
FN:73,addItemToInventory
FN:76,(anonymous_4)
FN:86,useItemFromInventory
FN:88,(anonymous_6)
FN:123,(anonymous_7)
FN:123,(anonymous_8)
FN:123,(anonymous_9)
FN:127,buyItemFromShop
FN:128,(anonymous_11)
FN:137,sellFirstInventoryItem
FN:140,(anonymous_13)
FN:149,update
FN:204,render
FN:209,setupInputHandlers
FN:214,(anonymous_17)
FN:223,main
FN:227,loadMenuDefs
FN:244,handleKey
FN:325,renderUI
FN:329,(anonymous_22)
FN:334,(anonymous_23)
FN:349,(anonymous_24)
FN:356,(anonymous_25)
FNF:25
FNH:0
FNDA:0,(anonymous_1)
FNDA:0,transitionTo
FNDA:0,addItemToInventory
FNDA:0,(anonymous_4)
FNDA:0,useItemFromInventory
FNDA:0,(anonymous_6)
FNDA:0,(anonymous_7)
FNDA:0,(anonymous_8)
FNDA:0,(anonymous_9)
FNDA:0,buyItemFromShop
FNDA:0,(anonymous_11)
FNDA:0,sellFirstInventoryItem
FNDA:0,(anonymous_13)
FNDA:0,update
FNDA:0,render
FNDA:0,setupInputHandlers
FNDA:0,(anonymous_17)
FNDA:0,main
FNDA:0,loadMenuDefs
FNDA:0,handleKey
FNDA:0,renderUI
FNDA:0,(anonymous_22)
FNDA:0,(anonymous_23)
FNDA:0,(anonymous_24)
FNDA:0,(anonymous_25)
DA:2,0
DA:3,0
DA:4,0
DA:5,0
DA:6,0
DA:7,0
DA:10,0
DA:11,0
DA:12,0
DA:13,0
DA:16,0
DA:17,0
DA:20,0
DA:23,0
DA:24,0
DA:25,0
DA:26,0
DA:28,0
DA:29,0
DA:30,0
DA:31,0
DA:32,0
DA:60,0
DA:70,0
DA:74,0
DA:75,0
DA:76,0
DA:77,0
DA:78,0
DA:80,0
DA:81,0
DA:83,0
DA:87,0
DA:88,0
DA:89,0
DA:90,0
DA:91,0
DA:92,0
DA:93,0
DA:94,0
DA:95,0
DA:97,0
DA:99,0
DA:100,0
DA:101,0
DA:102,0
DA:105,0
DA:110,0
DA:113,0
DA:115,0
DA:116,0
DA:117,0
DA:118,0
DA:119,0
DA:122,0
DA:123,0
DA:128,0
DA:129,0
DA:130,0
DA:131,0
DA:132,0
DA:133,0
DA:134,0
DA:138,0
DA:139,0
DA:140,0
DA:141,0
DA:142,0
DA:143,0
DA:144,0
DA:145,0
DA:146,0
DA:150,0
DA:152,0
DA:154,0
DA:155,0
DA:157,0
DA:161,0
DA:162,0
DA:163,0
DA:164,0
DA:168,0
DA:169,0
DA:174,0
DA:177,0
DA:178,0
DA:182,0
DA:183,0
DA:185,0
DA:188,0
DA:189,0
DA:191,0
DA:194,0
DA:195,0
DA:197,0
DA:200,0
DA:206,0
DA:211,0
DA:212,0
DA:213,0
DA:214,0
DA:215,0
DA:216,0
DA:217,0
DA:218,0
DA:224,0
DA:228,0
DA:229,0
DA:230,0
DA:231,0
DA:232,0
DA:237,0
DA:240,0
DA:241,0
DA:242,0
DA:246,0
DA:247,0
DA:248,0
DA:249,0
DA:250,0
DA:252,0
DA:256,0
DA:257,0
DA:258,0
DA:260,0
DA:261,0
DA:262,0
DA:264,0
DA:266,0
DA:270,0
DA:271,0
DA:272,0
DA:273,0
DA:274,0
DA:275,0
DA:276,0
DA:277,0
DA:278,0
DA:280,0
DA:283,0
DA:285,0
DA:286,0
DA:287,0
DA:288,0
DA:289,0
DA:290,0
DA:291,0
DA:293,0
DA:295,0
DA:297,0
DA:298,0
DA:300,0
DA:301,0
DA:303,0
DA:305,0
DA:308,0
DA:309,0
DA:310,0
DA:311,0
DA:312,0
DA:313,0
DA:314,0
DA:315,0
DA:316,0
DA:317,0
DA:319,0
DA:323,0
DA:326,0
DA:327,0
DA:328,0
DA:329,0
DA:330,0
DA:332,0
DA:333,0
DA:334,0
DA:335,0
DA:337,0
DA:339,0
DA:340,0
DA:341,0
DA:342,0
DA:343,0
DA:344,0
DA:347,0
DA:348,0
DA:349,0
DA:351,0
DA:356,0
DA:357,0
DA:358,0
DA:359,0
DA:361,0
DA:362,0
DA:363,0
DA:364,0
DA:369,0
LF:196
LH:0
BRDA:28,0,0,0
BRDA:28,0,1,0
BRDA:74,1,0,0
BRDA:74,1,1,0
BRDA:77,2,0,0
BRDA:77,2,1,0
BRDA:80,3,0,0
BRDA:80,3,1,0
BRDA:89,4,0,0
BRDA:92,5,0,0
BRDA:92,5,1,0
BRDA:94,6,0,0
BRDA:94,6,1,0
BRDA:99,7,0,0
BRDA:99,7,1,0
BRDA:118,8,0,0
BRDA:118,8,1,0
BRDA:119,9,0,0
BRDA:119,10,0,0
BRDA:119,10,1,0
BRDA:122,11,0,0
BRDA:123,12,0,0
BRDA:123,12,1,0
BRDA:123,13,0,0
BRDA:123,14,0,0
BRDA:123,14,1,0
BRDA:129,15,0,0
BRDA:130,16,0,0
BRDA:131,17,0,0
BRDA:138,18,0,0
BRDA:141,19,0,0
BRDA:141,19,1,0
BRDA:143,20,0,0
BRDA:143,20,1,0
BRDA:152,21,0,0
BRDA:152,21,1,0
BRDA:152,21,2,0
BRDA:152,21,3,0
BRDA:152,21,4,0
BRDA:154,22,0,0
BRDA:163,23,0,0
BRDA:168,24,0,0
BRDA:168,24,1,0
BRDA:168,25,0,0
BRDA:168,25,1,0
BRDA:174,26,0,0
BRDA:178,27,0,0
BRDA:178,27,1,0
BRDA:182,28,0,0
BRDA:188,29,0,0
BRDA:194,30,0,0
BRDA:211,31,0,0
BRDA:211,32,0,0
BRDA:211,32,1,0
BRDA:211,32,2,0
BRDA:217,33,0,0
BRDA:233,34,0,0
BRDA:233,34,1,0
BRDA:234,35,0,0
BRDA:234,35,1,0
BRDA:246,36,0,0
BRDA:247,37,0,0
BRDA:247,37,1,0
BRDA:249,38,0,0
BRDA:256,39,0,0
BRDA:260,40,0,0
BRDA:261,41,0,0
BRDA:261,41,1,0
BRDA:270,42,0,0
BRDA:271,43,0,0
BRDA:271,43,1,0
BRDA:271,44,0,0
BRDA:271,44,1,0
BRDA:271,44,2,0
BRDA:273,45,0,0
BRDA:273,45,1,0
BRDA:273,46,0,0
BRDA:273,46,1,0
BRDA:273,46,2,0
BRDA:275,47,0,0
BRDA:275,48,0,0
BRDA:275,48,1,0
BRDA:277,49,0,0
BRDA:277,49,1,0
BRDA:277,50,0,0
BRDA:277,51,0,0
BRDA:278,52,0,0
BRDA:283,53,0,0
BRDA:285,54,0,0
BRDA:285,54,1,0
BRDA:285,55,0,0
BRDA:285,55,1,0
BRDA:286,56,0,0
BRDA:286,56,1,0
BRDA:287,57,0,0
BRDA:287,57,1,0
BRDA:289,58,0,0
BRDA:289,58,1,0
BRDA:290,59,0,0
BRDA:290,59,1,0
BRDA:295,60,0,0
BRDA:295,60,1,0
BRDA:298,61,0,0
BRDA:298,61,1,0
BRDA:301,62,0,0
BRDA:308,63,0,0
BRDA:309,64,0,0
BRDA:309,64,1,0
BRDA:309,65,0,0
BRDA:309,65,1,0
BRDA:309,65,2,0
BRDA:311,66,0,0
BRDA:311,66,1,0
BRDA:311,67,0,0
BRDA:311,67,1,0
BRDA:311,67,2,0
BRDA:313,68,0,0
BRDA:313,69,0,0
BRDA:313,69,1,0
BRDA:315,70,0,0
BRDA:315,70,1,0
BRDA:316,71,0,0
BRDA:316,71,1,0
BRDA:317,72,0,0
BRDA:326,73,0,0
BRDA:326,73,1,0
BRDA:330,74,0,0
BRDA:330,74,1,0
BRDA:332,75,0,0
BRDA:332,75,1,0
BRDA:335,76,0,0
BRDA:335,76,1,0
BRDA:337,77,0,0
BRDA:343,78,0,0
BRDA:347,79,0,0
BRDA:347,79,1,0
BRDA:347,80,0,0
BRDA:347,80,1,0
BRDA:361,81,0,0
BRF:139
BRH:0
end_of_record
TN:
SF:src/input.ts
FN:7,initInput
FN:8,(anonymous_1)
FN:17,(anonymous_2)
FN:22,setRewindCallback
FN:26,isKeyPressed
FN:30,isKeyJustPressed
FN:38,clearJustPressedKeys
FN:47,_setKeyJustPressed
FN:55,_clearKeys
FNF:9
FNH:5
FNDA:6,initInput
FNDA:0,(anonymous_1)
FNDA:0,(anonymous_2)
FNDA:0,setRewindCallback
FNDA:0,isKeyPressed
FNDA:3,isKeyJustPressed
FNDA:1,clearJustPressedKeys
FNDA:2,_setKeyJustPressed
FNDA:6,_clearKeys
DA:1,1
DA:3,1
DA:4,1
DA:5,1
DA:7,1
DA:8,6
DA:9,0
DA:10,0
DA:11,0
DA:12,0
DA:13,0
DA:17,6
DA:18,0
DA:22,1
DA:23,0
DA:26,1
DA:27,0
DA:30,1
DA:31,3
DA:32,2
DA:33,2
DA:35,1
DA:38,1
DA:39,1
DA:47,1
DA:48,2
DA:55,1
DA:56,6
DA:57,6
LF:29
LH:21
BRDA:10,0,0,0
BRDA:12,1,0,0
BRDA:12,2,0,0
BRDA:12,2,1,0
BRDA:31,3,0,2
BRF:5
BRH:1
end_of_record
TN:
SF:src/main.ts
FNF:0
FNH:0
DA:2,0
DA:3,0
LF:2
LH:0
BRF:0
BRH:0
end_of_record
TN:
SF:src/npc.ts
FN:4,(anonymous_0)
FN:7,(anonymous_1)
FN:8,(anonymous_2)
FN:11,(anonymous_3)
FN:16,loadNPC
FNF:5
FNH:0
FNDA:0,(anonymous_0)
FNDA:0,(anonymous_1)
FNDA:0,(anonymous_2)
FNDA:0,(anonymous_3)
FNDA:0,loadNPC
DA:3,0
DA:4,0
DA:8,0
DA:12,0
DA:16,0
DA:17,0
DA:18,0
DA:19,0
LF:8
LH:0
BRDA:7,0,0,0
BRDA:8,1,0,0
BRDA:8,1,1,0
BRDA:18,2,0,0
BRF:4
BRH:0
end_of_record
TN:
SF:src/player.ts
FN:10,(anonymous_9)
FN:18,(anonymous_10)
FN:25,(anonymous_11)
FN:30,(anonymous_12)
FN:60,(anonymous_13)
FNF:5
FNH:5
FNDA:4,(anonymous_9)
FNDA:2,(anonymous_10)
FNDA:3,(anonymous_11)
FNDA:1,(anonymous_12)
FNDA:2,(anonymous_13)
DA:1,1
DA:3,1
DA:11,4
DA:12,4
DA:13,4
DA:14,4
DA:15,4
DA:19,2
DA:20,1
DA:21,1
DA:26,3
DA:27,3
DA:31,1
DA:34,1
DA:35,1
DA:36,1
DA:38,0
DA:42,1
DA:43,1
DA:44,1
DA:45,1
DA:48,0
DA:49,0
DA:50,0
DA:51,0
DA:53,0
DA:54,0
DA:56,0
DA:61,2
DA:62,2
DA:63,2
DA:64,2
DA:66,2
DA:67,3
DA:68,3
DA:71,2
LF:36
LH:28
BRDA:10,0,0,0
BRDA:10,1,0,0
BRDA:10,2,0,4
BRDA:10,3,0,4
BRDA:19,4,0,1
BRDA:27,5,0,2
BRDA:35,6,0,1
BRDA:35,6,1,0
BRDA:43,7,0,1
BRDA:43,7,1,0
BRDA:48,8,0,0
BRDA:48,8,1,0
BRDA:68,9,0,0
BRF:13
BRH:6
end_of_record
TN:
SF:src/quests.ts
FN:21,(anonymous_0)
FN:37,(anonymous_1)
FN:39,(anonymous_2)
FN:43,(anonymous_3)
FN:44,(anonymous_4)
FN:50,(anonymous_5)
FN:52,(anonymous_6)
FN:61,(anonymous_7)
FN:65,(anonymous_8)
FN:75,(anonymous_9)
FN:79,(anonymous_10)
FN:81,(anonymous_11)
FN:82,(anonymous_12)
FN:86,(anonymous_13)
FN:97,(anonymous_14)
FNF:15
FNH:0
FNDA:0,(anonymous_0)
FNDA:0,(anonymous_1)
FNDA:0,(anonymous_2)
FNDA:0,(anonymous_3)
FNDA:0,(anonymous_4)
FNDA:0,(anonymous_5)
FNDA:0,(anonymous_6)
FNDA:0,(anonymous_7)
FNDA:0,(anonymous_8)
FNDA:0,(anonymous_9)
FNDA:0,(anonymous_10)
FNDA:0,(anonymous_11)
FNDA:0,(anonymous_12)
FNDA:0,(anonymous_13)
FNDA:0,(anonymous_14)
DA:3,0
DA:4,0
DA:21,0
DA:22,0
DA:23,0
DA:24,0
DA:33,0
DA:34,0
DA:35,0
DA:40,0
DA:44,0
DA:45,0
DA:46,0
DA:51,0
DA:52,0
DA:53,0
DA:54,0
DA:55,0
DA:57,0
DA:58,0
DA:62,0
DA:63,0
DA:64,0
DA:65,0
DA:66,0
DA:67,0
DA:68,0
DA:69,0
DA:70,0
DA:72,0
DA:76,0
DA:80,0
DA:81,0
DA:82,0
DA:87,0
DA:88,0
DA:89,0
DA:91,0
DA:93,0
DA:98,0
DA:99,0
DA:100,0
DA:102,0
LF:43
LH:0
BRDA:21,0,0,0
BRDA:21,0,1,0
BRDA:46,1,0,0
BRDA:46,1,1,0
BRDA:51,2,0,0
BRDA:53,3,0,0
BRDA:64,4,0,0
BRDA:64,5,0,0
BRDA:64,5,1,0
BRDA:64,5,2,0
BRDA:66,6,0,0
BRDA:66,7,0,0
BRDA:66,7,1,0
BRDA:69,8,0,0
BRDA:89,9,0,0
BRDA:89,10,0,0
BRDA:89,10,1,0
BRDA:89,10,2,0
BRDA:91,11,0,0
BRDA:93,12,0,0
BRDA:93,12,1,0
BRDA:99,13,0,0
BRF:22
BRH:0
end_of_record
TN:
SF:src/save.ts
FN:8,serializeWorldToJson
FN:21,(anonymous_1)
FN:31,deserializeWorldFromJson
FN:60,migrateSave
FNF:4
FNH:0
FNDA:0,serializeWorldToJson
FNDA:0,(anonymous_1)
FNDA:0,deserializeWorldFromJson
FNDA:0,migrateSave
DA:1,0
DA:3,0
DA:8,0
DA:9,0
DA:10,0
DA:12,0
DA:13,0
DA:14,0
DA:15,0
DA:16,0
DA:17,0
DA:21,0
DA:22,0
DA:27,0
DA:31,0
DA:32,0
DA:33,0
DA:34,0
DA:35,0
DA:36,0
DA:37,0
DA:38,0
DA:41,0
DA:42,0
DA:43,0
DA:44,0
DA:45,0
DA:46,0
DA:47,0
DA:51,0
DA:52,0
DA:53,0
DA:55,0
DA:60,0
DA:62,0
LF:35
LH:0
BRDA:9,0,0,0
BRDA:9,0,1,0
BRDA:10,1,0,0
BRDA:16,2,0,0
BRDA:34,3,0,0
BRDA:34,4,0,0
BRDA:34,4,1,0
BRDA:37,5,0,0
BRDA:42,6,0,0
BRDA:42,6,1,0
BRDA:44,7,0,0
BRDA:44,7,1,0
BRDA:46,8,0,0
BRDA:51,9,0,0
BRDA:51,9,1,0
BRDA:52,10,0,0
BRF:16
BRH:0
end_of_record
TN:
SF:src/assets/audio.ts
FN:11,getAudioPath
FNF:1
FNH:0
FNDA:0,getAudioPath
DA:2,0
DA:4,0
DA:11,0
DA:12,0
LF:4
LH:0
BRF:0
BRH:0
end_of_record
TN:
SF:src/assets/registry.ts
FNF:0
FNH:0
DA:1,0
DA:2,0
DA:3,0
DA:4,0
DA:5,0
DA:6,0
DA:7,0
DA:8,0
LF:8
LH:0
BRF:0
BRH:0
end_of_record
TN:
SF:src/audio/audioManager.ts
FN:17,(anonymous_0)
FN:25,(anonymous_1)
FN:29,(anonymous_2)
FN:33,(anonymous_3)
FN:37,(anonymous_4)
FN:41,(anonymous_5)
FN:48,(anonymous_6)
FN:49,(anonymous_7)
FN:50,(anonymous_8)
FN:51,(anonymous_9)
FN:52,(anonymous_10)
FNF:11
FNH:4
FNDA:0,(anonymous_0)
FNDA:0,(anonymous_1)
FNDA:0,(anonymous_2)
FNDA:0,(anonymous_3)
FNDA:0,(anonymous_4)
FNDA:0,(anonymous_5)
FNDA:2,(anonymous_6)
FNDA:3,(anonymous_7)
FNDA:2,(anonymous_8)
FNDA:3,(anonymous_9)
FNDA:0,(anonymous_10)
DA:1,1
DA:14,1
DA:18,0
DA:19,0
DA:21,0
DA:26,0
DA:30,0
DA:34,0
DA:38,0
DA:42,0
DA:47,1
DA:48,2
DA:49,3
DA:50,2
DA:51,3
DA:52,0
DA:55,1
LF:17
LH:8
BRDA:18,0,0,0
BRDA:18,0,1,0
BRDA:18,1,0,0
BRDA:18,1,1,0
BRDA:18,1,2,0
BRDA:19,2,0,0
BRDA:19,2,1,0
BRDA:19,3,0,0
BRDA:19,3,1,0
BRF:9
BRH:0
end_of_record
TN:
SF:src/audio/backgroundMusic.ts
FN:15,playBackgroundLoop
FN:26,stopBackgroundLoop
FNF:2
FNH:2
FNDA:1,playBackgroundLoop
FNDA:1,stopBackgroundLoop
DA:1,1
DA:4,1
DA:15,1
DA:16,1
DA:17,1
DA:18,1
DA:20,1
DA:26,1
DA:27,1
DA:28,1
DA:29,1
DA:31,1
LF:12
LH:12
BRDA:16,0,0,1
BRDA:16,0,1,1
BRDA:17,1,0,1
BRDA:17,2,0,1
BRDA:17,2,1,1
BRDA:27,3,0,1
BRDA:27,3,1,1
BRDA:28,4,0,1
BRDA:28,5,0,1
BRDA:28,5,1,1
BRF:10
BRH:10
end_of_record
TN:
SF:src/audio/sfx.ts
FN:9,playJumpSFX
FNF:1
FNH:1
FNDA:1,playJumpSFX
DA:1,1
DA:4,1
DA:9,1
DA:10,1
DA:11,1
DA:12,1
DA:14,1
LF:7
LH:7
BRDA:10,0,0,1
BRDA:10,0,1,1
BRDA:11,1,0,1
BRDA:11,2,0,1
BRDA:11,2,1,1
BRF:5
BRH:5
end_of_record
TN:
SF:src/audio/volumeControls.ts
FN:4,clampVolume
FN:13,(anonymous_1)
FN:18,(anonymous_2)
FN:19,(anonymous_3)
FN:21,(anonymous_4)
FN:22,(anonymous_5)
FN:24,(anonymous_6)
FN:31,(anonymous_7)
FN:32,(anonymous_8)
FN:33,(anonymous_9)
FN:34,(anonymous_10)
FN:35,(anonymous_11)
FN:37,(anonymous_12)
FNF:13
FNH:11
FNDA:15,clampVolume
FNDA:2,(anonymous_1)
FNDA:6,(anonymous_2)
FNDA:3,(anonymous_3)
FNDA:6,(anonymous_4)
FNDA:3,(anonymous_5)
FNDA:0,(anonymous_6)
FNDA:2,(anonymous_7)
FNDA:3,(anonymous_8)
FNDA:2,(anonymous_9)
FNDA:3,(anonymous_10)
FNDA:0,(anonymous_11)
FNDA:4,(anonymous_12)
DA:1,1
DA:2,1
DA:4,1
DA:5,15
DA:6,14
DA:9,1
DA:14,2
DA:15,1
DA:18,6
DA:19,3
DA:21,6
DA:22,3
DA:24,0
DA:28,1
DA:30,1
DA:31,2
DA:32,3
DA:33,2
DA:34,3
DA:35,0
DA:37,4
LF:21
LH:19
BRDA:5,0,0,1
BRDA:5,1,0,15
BRDA:5,1,1,15
BRDA:5,1,2,14
BRDA:5,1,3,14
BRDA:13,2,0,1
BRDA:13,3,0,1
BRDA:37,4,0,0
BRDA:37,5,0,0
BRF:9
BRH:7
end_of_record
TN:
SF:src/engine/bootstrap.ts
FN:10,bootstrap
FN:15,(anonymous_10)
FN:64,(anonymous_11)
FNF:3
FNH:0
FNDA:0,bootstrap
FNDA:0,(anonymous_10)
FNDA:0,(anonymous_11)
DA:1,0
DA:2,0
DA:3,0
DA:5,0
DA:8,0
DA:11,0
DA:12,0
DA:13,0
DA:15,0
DA:16,0
DA:19,0
DA:20,0
DA:21,0
DA:22,0
DA:23,0
DA:24,0
DA:25,0
DA:30,0
DA:31,0
DA:32,0
DA:33,0
DA:34,0
DA:35,0
DA:36,0
DA:37,0
DA:38,0
DA:39,0
DA:47,0
DA:49,0
DA:50,0
DA:51,0
DA:52,0
DA:53,0
DA:54,0
DA:55,0
DA:56,0
DA:60,0
DA:61,0
DA:64,0
DA:65,0
DA:66,0
DA:67,0
DA:70,0
DA:73,0
LF:44
LH:0
BRDA:10,0,0,0
BRDA:16,1,0,0
BRDA:16,1,1,0
BRDA:19,2,0,0
BRDA:19,3,0,0
BRDA:19,3,1,0
BRDA:21,4,0,0
BRDA:31,5,0,0
BRDA:34,6,0,0
BRDA:34,7,0,0
BRDA:34,7,1,0
BRDA:37,8,0,0
BRDA:37,8,1,0
BRDA:47,9,0,0
BRDA:47,10,0,0
BRDA:47,10,1,0
BRDA:51,11,0,0
BRDA:54,12,0,0
BRDA:54,12,1,0
BRDA:66,13,0,0
BRDA:66,13,1,0
BRDA:66,14,0,0
BRDA:66,14,1,0
BRF:23
BRH:0
end_of_record
TN:
SF:src/engine/combat.ts
FN:25,(anonymous_0)
FN:29,(anonymous_1)
FN:33,(anonymous_2)
FN:58,(anonymous_3)
FN:64,runCombatMechanicScenario
FNF:5
FNH:0
FNDA:0,(anonymous_0)
FNDA:0,(anonymous_1)
FNDA:0,(anonymous_2)
FNDA:0,(anonymous_3)
FNDA:0,runCombatMechanicScenario
DA:1,0
DA:2,0
DA:5,0
DA:6,0
DA:9,0
DA:12,0
DA:13,0
DA:14,0
DA:21,0
DA:26,0
DA:27,0
DA:29,0
DA:34,0
DA:35,0
DA:36,0
DA:37,0
DA:38,0
DA:41,0
DA:44,0
DA:48,0
DA:51,0
DA:52,0
DA:53,0
DA:64,0
DA:65,0
DA:66,0
DA:69,0
DA:70,0
DA:73,0
DA:74,0
DA:77,0
DA:78,0
DA:81,0
DA:84,0
DA:85,0
DA:86,0
DA:88,0
DA:91,0
DA:92,0
LF:39
LH:0
BRDA:25,0,0,0
BRDA:37,1,0,0
BRDA:38,2,0,0
BRDA:44,3,0,0
BRDA:44,3,1,0
BRDA:51,4,0,0
BRDA:85,5,0,0
BRDA:85,5,1,0
BRDA:91,6,0,0
BRDA:91,6,1,0
BRF:10
BRH:0
end_of_record
TN:
SF:src/engine/combat_demo.ts
FN:5,runCombatDemo
FN:28,(anonymous_1)
FNF:2
FNH:0
FNDA:0,runCombatDemo
FNDA:0,(anonymous_1)
DA:1,0
DA:2,0
DA:5,0
DA:6,0
DA:7,0
DA:8,0
DA:11,0
DA:12,0
DA:15,0
DA:16,0
DA:18,0
DA:20,0
DA:23,0
DA:24,0
DA:25,0
DA:28,0
DA:29,0
DA:31,0
DA:32,0
DA:33,0
DA:39,0
DA:40,0
LF:22
LH:0
BRDA:31,0,0,0
BRDA:39,1,0,0
BRF:2
BRH:0
end_of_record
TN:
SF:src/engine/ecs.ts
FN:14,(anonymous_0)
FN:19,(anonymous_1)
FN:24,(anonymous_2)
FN:30,(anonymous_3)
FN:35,(anonymous_4)
FN:39,(anonymous_5)
FN:44,(anonymous_6)
FN:64,(anonymous_7)
FN:68,(anonymous_8)
FN:75,(anonymous_9)
FN:83,(anonymous_10)
FN:89,(anonymous_11)
FN:106,runEcsUnitTestScaffold
FN:122,(anonymous_13)
FN:138,(anonymous_14)
FN:141,createDefaultWorld
FNF:16
FNH:0
FNDA:0,(anonymous_0)
FNDA:0,(anonymous_1)
FNDA:0,(anonymous_2)
FNDA:0,(anonymous_3)
FNDA:0,(anonymous_4)
FNDA:0,(anonymous_5)
FNDA:0,(anonymous_6)
FNDA:0,(anonymous_7)
FNDA:0,(anonymous_8)
FNDA:0,(anonymous_9)
FNDA:0,(anonymous_10)
FNDA:0,(anonymous_11)
FNDA:0,runEcsUnitTestScaffold
FNDA:0,(anonymous_13)
FNDA:0,(anonymous_14)
FNDA:0,createDefaultWorld
DA:4,0
DA:5,0
DA:14,0
DA:15,0
DA:16,0
DA:17,0
DA:20,0
DA:21,0
DA:25,0
DA:26,0
DA:31,0
DA:32,0
DA:36,0
DA:40,0
DA:45,0
DA:46,0
DA:47,0
DA:48,0
DA:49,0
DA:50,0
DA:51,0
DA:52,0
DA:53,0
DA:54,0
DA:55,0
DA:56,0
DA:57,0
DA:59,0
DA:61,0
DA:65,0
DA:69,0
DA:70,0
DA:76,0
DA:77,0
DA:78,0
DA:79,0
DA:80,0
DA:83,0
DA:85,0
DA:90,0
DA:91,0
DA:92,0
DA:93,0
DA:94,0
DA:95,0
DA:96,0
DA:98,0
DA:100,0
DA:106,0
DA:107,0
DA:108,0
DA:109,0
DA:110,0
DA:112,0
DA:113,0
DA:115,0
DA:116,0
DA:117,0
DA:120,0
DA:121,0
DA:123,0
DA:124,0
DA:125,0
DA:126,0
DA:127,0
DA:128,0
DA:129,0
DA:133,0
DA:134,0
DA:135,0
DA:136,0
DA:138,0
DA:141,0
LF:73
LH:0
BRDA:31,0,0,0
BRDA:45,1,0,0
BRDA:47,2,0,0
BRDA:54,3,0,0
BRDA:56,4,0,0
BRDA:59,5,0,0
BRDA:91,6,0,0
BRDA:91,6,1,0
BRDA:110,7,0,0
BRDA:116,8,0,0
BRDA:116,8,1,0
BRDA:135,9,0,0
BRDA:135,9,1,0
BRF:13
BRH:0
end_of_record
TN:
SF:src/engine/events.ts
FN:17,(anonymous_0)
FN:20,(anonymous_1)
FN:28,(anonymous_2)
FN:35,(anonymous_3)
FNF:4
FNH:0
FNDA:0,(anonymous_0)
FNDA:0,(anonymous_1)
FNDA:0,(anonymous_2)
FNDA:0,(anonymous_3)
DA:17,0
DA:18,0
DA:21,0
DA:22,0
DA:24,0
DA:25,0
DA:29,0
DA:30,0
DA:31,0
DA:32,0
DA:36,0
DA:37,0
DA:39,0
DA:40,0
DA:41,0
DA:42,0
DA:43,0
DA:52,0
LF:18
LH:0
BRDA:21,0,0,0
BRDA:30,1,0,0
BRDA:32,2,0,0
BRDA:37,3,0,0
BRF:4
BRH:0
end_of_record
TN:
SF:src/engine/quest.ts
FN:3,(anonymous_0)
FN:45,(anonymous_1)
FN:47,(anonymous_2)
FN:48,(anonymous_3)
FN:57,(anonymous_4)
FN:61,(anonymous_5)
FN:62,(anonymous_6)
FN:65,(anonymous_7)
FN:69,(anonymous_8)
FN:73,(anonymous_9)
FN:74,(anonymous_10)
FN:80,(anonymous_11)
FN:88,(anonymous_12)
FN:96,(anonymous_13)
FN:110,(anonymous_14)
FN:112,(anonymous_15)
FN:117,(anonymous_16)
FN:128,(anonymous_17)
FNF:18
FNH:0
FNDA:0,(anonymous_0)
FNDA:0,(anonymous_1)
FNDA:0,(anonymous_2)
FNDA:0,(anonymous_3)
FNDA:0,(anonymous_4)
FNDA:0,(anonymous_5)
FNDA:0,(anonymous_6)
FNDA:0,(anonymous_7)
FNDA:0,(anonymous_8)
FNDA:0,(anonymous_9)
FNDA:0,(anonymous_10)
FNDA:0,(anonymous_11)
FNDA:0,(anonymous_12)
FNDA:0,(anonymous_13)
FNDA:0,(anonymous_14)
FNDA:0,(anonymous_15)
FNDA:0,(anonymous_16)
FNDA:0,(anonymous_17)
DA:3,0
DA:4,0
DA:5,0
DA:6,0
DA:7,0
DA:8,0
DA:36,0
DA:40,0
DA:41,0
DA:42,0
DA:43,0
DA:48,0
DA:49,0
DA:50,0
DA:51,0
DA:52,0
DA:58,0
DA:62,0
DA:66,0
DA:70,0
DA:74,0
DA:75,0
DA:76,0
DA:81,0
DA:82,0
DA:83,0
DA:84,0
DA:85,0
DA:89,0
DA:90,0
DA:91,0
DA:93,0
DA:94,0
DA:96,0
DA:97,0
DA:98,0
DA:99,0
DA:102,0
DA:103,0
DA:106,0
DA:107,0
DA:112,0
DA:113,0
DA:114,0
DA:115,0
DA:116,0
DA:117,0
DA:118,0
DA:119,0
DA:121,0
DA:122,0
DA:123,0
DA:129,0
DA:130,0
DA:131,0
DA:132,0
DA:133,0
DA:134,0
LF:58
LH:0
BRDA:3,0,0,0
BRDA:3,0,1,0
BRDA:50,1,0,0
BRDA:51,2,0,0
BRDA:51,2,1,0
BRDA:51,3,0,0
BRDA:51,3,1,0
BRDA:66,4,0,0
BRDA:66,4,1,0
BRDA:70,5,0,0
BRDA:70,5,1,0
BRDA:76,6,0,0
BRDA:76,6,1,0
BRDA:82,7,0,0
BRDA:82,8,0,0
BRDA:82,8,1,0
BRDA:88,9,0,0
BRDA:90,10,0,0
BRDA:90,11,0,0
BRDA:90,11,1,0
BRDA:91,12,0,0
BRDA:91,12,1,0
BRDA:94,13,0,0
BRDA:97,14,0,0
BRDA:97,14,1,0
BRDA:98,15,0,0
BRDA:98,15,1,0
BRDA:102,16,0,0
BRDA:114,17,0,0
BRDA:115,18,0,0
BRDA:116,19,0,0
BRDA:116,19,1,0
BRDA:119,20,0,0
BRDA:119,20,1,0
BRDA:121,21,0,0
BRDA:130,22,0,0
BRDA:131,23,0,0
BRDA:131,23,1,0
BRDA:131,24,0,0
BRDA:131,24,1,0
BRF:40
BRH:0
end_of_record
TN:
SF:src/input/keyboard.ts
FN:3,(anonymous_0)
FN:5,(anonymous_1)
FN:6,(anonymous_2)
FN:7,(anonymous_3)
FNF:4
FNH:0
FNDA:0,(anonymous_0)
FNDA:0,(anonymous_1)
FNDA:0,(anonymous_2)
FNDA:0,(anonymous_3)
DA:3,0
DA:5,0
DA:6,0
DA:7,0
LF:4
LH:0
BRDA:6,0,0,0
BRDA:7,1,0,0
BRF:2
BRH:0
end_of_record
TN:
SF:src/levels/index.ts
FNF:0
FNH:0
DA:1,0
LF:1
LH:0
BRF:0
BRH:0
end_of_record
TN:
SF:src/levels/loader.ts
FNF:0
FNH:0
DA:4,0
LF:1
LH:0
BRF:0
BRH:0
end_of_record
TN:
SF:src/objects/timeImmuneObject.ts
FN:16,(anonymous_0)
FN:21,(anonymous_1)
FNF:2
FNH:1
FNDA:1,(anonymous_0)
FNDA:0,(anonymous_1)
DA:2,1
DA:3,1
DA:11,1
DA:13,1
DA:17,1
DA:18,1
DA:23,0
DA:27,1
LF:8
LH:7
BRDA:16,0,0,0
BRF:1
BRH:0
end_of_record
TN:
SF:src/platforming/physics.ts
FN:16,(anonymous_9)
FN:24,(anonymous_10)
FN:31,(anonymous_11)
FN:36,(anonymous_12)
FN:66,(anonymous_13)
FNF:5
FNH:0
FNDA:0,(anonymous_9)
FNDA:0,(anonymous_10)
FNDA:0,(anonymous_11)
FNDA:0,(anonymous_12)
FNDA:0,(anonymous_13)
DA:1,0
DA:9,0
DA:17,0
DA:18,0
DA:19,0
DA:20,0
DA:21,0
DA:25,0
DA:26,0
DA:27,0
DA:32,0
DA:33,0
DA:37,0
DA:40,0
DA:41,0
DA:42,0
DA:44,0
DA:48,0
DA:49,0
DA:50,0
DA:51,0
DA:54,0
DA:55,0
DA:56,0
DA:57,0
DA:59,0
DA:60,0
DA:62,0
DA:67,0
DA:68,0
DA:69,0
DA:70,0
DA:72,0
DA:73,0
DA:74,0
DA:77,0
LF:36
LH:0
BRDA:16,0,0,0
BRDA:16,1,0,0
BRDA:16,2,0,0
BRDA:16,3,0,0
BRDA:25,4,0,0
BRDA:33,5,0,0
BRDA:41,6,0,0
BRDA:41,6,1,0
BRDA:49,7,0,0
BRDA:49,7,1,0
BRDA:54,8,0,0
BRDA:54,8,1,0
BRDA:74,9,0,0
BRF:13
BRH:0
end_of_record
TN:
SF:src/quests/manager.ts
FN:8,computeLevelFromXp
FN:41,(anonymous_10)
FN:46,(anonymous_11)
FN:51,(anonymous_12)
FN:58,(anonymous_13)
FN:59,(anonymous_14)
FN:62,(anonymous_15)
FN:63,(anonymous_16)
FN:66,(anonymous_17)
FN:73,(anonymous_18)
FN:77,(anonymous_19)
FN:85,(anonymous_20)
FN:86,(anonymous_21)
FN:89,(anonymous_22)
FN:98,(anonymous_23)
FN:106,(anonymous_24)
FNF:16
FNH:0
FNDA:0,computeLevelFromXp
FNDA:0,(anonymous_10)
FNDA:0,(anonymous_11)
FNDA:0,(anonymous_12)
FNDA:0,(anonymous_13)
FNDA:0,(anonymous_14)
FNDA:0,(anonymous_15)
FNDA:0,(anonymous_16)
FNDA:0,(anonymous_17)
FNDA:0,(anonymous_18)
FNDA:0,(anonymous_19)
FNDA:0,(anonymous_20)
FNDA:0,(anonymous_21)
FNDA:0,(anonymous_22)
FNDA:0,(anonymous_23)
FNDA:0,(anonymous_24)
DA:1,0
DA:2,0
DA:5,0
DA:6,0
DA:8,0
DA:9,0
DA:10,0
DA:11,0
DA:12,0
DA:13,0
DA:14,0
DA:15,0
DA:17,0
DA:35,0
DA:36,0
DA:37,0
DA:39,0
DA:41,0
DA:42,0
DA:46,0
DA:47,0
DA:48,0
DA:49,0
DA:52,0
DA:53,0
DA:54,0
DA:55,0
DA:59,0
DA:63,0
DA:67,0
DA:68,0
DA:69,0
DA:70,0
DA:74,0
DA:75,0
DA:76,0
DA:77,0
DA:79,0
DA:80,0
DA:82,0
DA:86,0
DA:90,0
DA:91,0
DA:92,0
DA:93,0
DA:94,0
DA:95,0
DA:99,0
DA:107,0
LF:49
LH:0
BRDA:59,0,0,0
BRDA:59,0,1,0
BRDA:63,1,0,0
BRDA:63,1,1,0
BRDA:68,2,0,0
BRDA:73,3,0,0
BRDA:75,4,0,0
BRDA:75,5,0,0
BRDA:75,5,1,0
BRDA:76,6,0,0
BRDA:79,7,0,0
BRDA:91,8,0,0
BRDA:91,9,0,0
BRDA:91,9,1,0
BRDA:107,10,0,0
BRDA:107,10,1,0
BRF:16
BRH:0
end_of_record
TN:
SF:src/rooms/roomTemplate.ts
FN:31,validateRoomTemplate
FN:77,parseRoomTemplate
FNF:2
FNH:2
FNDA:8,validateRoomTemplate
FNDA:2,parseRoomTemplate
DA:6,1
DA:7,1
DA:8,1
DA:31,1
DA:32,8
DA:33,8
DA:34,1
DA:36,7
DA:37,7
DA:38,7
DA:40,7
DA:41,7
DA:43,7
DA:44,7
DA:46,7
DA:47,7
DA:48,7
DA:49,7
DA:50,7
DA:51,18
DA:52,18
DA:53,0
DA:54,0
DA:59,7
DA:60,3
DA:62,3
DA:63,3
DA:64,3
DA:65,3
DA:66,3
DA:67,3
DA:68,3
DA:69,2
DA:74,7
DA:77,1
DA:78,2
DA:79,2
DA:80,1
LF:38
LH:36
BRDA:33,0,0,1
BRDA:33,1,0,8
BRDA:33,1,1,7
BRDA:37,2,0,0
BRDA:37,3,0,7
BRDA:37,3,1,7
BRDA:38,4,0,0
BRDA:38,5,0,7
BRDA:38,5,1,7
BRDA:40,6,0,0
BRDA:40,6,1,7
BRDA:40,7,0,7
BRDA:40,7,1,7
BRDA:41,8,0,2
BRDA:41,9,0,7
BRDA:41,9,1,6
BRDA:43,10,0,0
BRDA:43,10,1,7
BRDA:43,11,0,7
BRDA:43,11,1,7
BRDA:44,12,0,0
BRDA:44,13,0,7
BRDA:44,13,1,7
BRDA:46,14,0,0
BRDA:46,14,1,7
BRDA:47,15,0,7
BRDA:47,16,0,7
BRDA:47,16,1,7
BRDA:49,17,0,3
BRDA:52,18,0,0
BRDA:52,19,0,18
BRDA:52,19,1,18
BRDA:52,19,2,18
BRDA:59,20,0,3
BRDA:60,21,0,0
BRDA:60,21,1,3
BRDA:64,22,0,0
BRDA:64,23,0,3
BRDA:64,23,1,3
BRDA:65,24,0,0
BRDA:65,25,0,3
BRDA:65,25,1,3
BRDA:66,26,0,0
BRDA:66,27,0,3
BRDA:66,27,1,3
BRDA:67,28,0,0
BRDA:68,29,0,1
BRDA:68,30,0,3
BRDA:68,30,1,3
BRDA:68,30,2,3
BRDA:69,31,0,0
BRDA:69,32,0,2
BRDA:69,32,1,2
BRDA:69,32,2,2
BRDA:79,33,0,1
BRF:55
BRH:42
end_of_record
TN:
SF:src/rooms/timePuzzleRoom.ts
FN:6,(anonymous_0)
FN:9,(anonymous_1)
FN:13,(anonymous_2)
FN:17,(anonymous_3)
FNF:4
FNH:4
FNDA:1,(anonymous_0)
FNDA:2,(anonymous_1)
FNDA:1,(anonymous_2)
FNDA:3,(anonymous_3)
DA:3,1
DA:6,1
DA:7,1
DA:10,2
DA:14,1
DA:18,3
DA:19,3
DA:21,6
DA:26,1
LF:9
LH:9
BRDA:18,0,0,0
BRF:1
BRH:0
end_of_record
TN:
SF:src/save/save.ts
FN:8,saveWorldToFile
FN:19,loadWorldFromFile
FN:32,migrateSaveObjectIfNeeded
FNF:3
FNH:0
FNDA:0,saveWorldToFile
FNDA:0,loadWorldFromFile
FNDA:0,migrateSaveObjectIfNeeded
DA:1,0
DA:2,0
DA:3,0
DA:5,0
DA:6,0
DA:8,0
DA:9,0
DA:10,0
DA:11,0
DA:12,0
DA:13,0
DA:15,0
DA:19,0
DA:20,0
DA:21,0
DA:22,0
DA:24,0
DA:25,0
DA:26,0
DA:28,0
DA:32,0
DA:34,0
LF:22
LH:0
BRDA:8,0,0,0
BRDA:15,1,0,0
BRDA:15,1,1,0
BRDA:19,2,0,0
BRDA:24,3,0,0
BRDA:24,3,1,0
BRDA:28,4,0,0
BRDA:28,4,1,0
BRF:8
BRH:0
end_of_record
TN:
SF:src/tilemap/tilemap.ts
FN:29,(anonymous_0)
FN:35,(anonymous_1)
FN:54,(anonymous_2)
FN:66,(anonymous_3)
FN:92,(anonymous_4)
FN:92,(anonymous_5)
FN:105,(anonymous_6)
FN:112,(anonymous_7)
FN:139,(anonymous_8)
FN:158,(anonymous_9)
FNF:10
FNH:0
FNDA:0,(anonymous_0)
FNDA:0,(anonymous_1)
FNDA:0,(anonymous_2)
FNDA:0,(anonymous_3)
FNDA:0,(anonymous_4)
FNDA:0,(anonymous_5)
FNDA:0,(anonymous_6)
FNDA:0,(anonymous_7)
FNDA:0,(anonymous_8)
FNDA:0,(anonymous_9)
DA:2,0
DA:4,0
DA:5,0
DA:6,0
DA:9,0
DA:10,0
DA:21,0
DA:23,0
DA:24,0
DA:25,0
DA:27,0
DA:30,0
DA:31,0
DA:37,0
DA:38,0
DA:39,0
DA:40,0
DA:41,0
DA:44,0
DA:46,0
DA:48,0
DA:51,0
DA:55,0
DA:56,0
DA:57,0
DA:58,0
DA:59,0
DA:62,0
DA:64,0
DA:66,0
DA:67,0
DA:68,0
DA:69,0
DA:72,0
DA:74,0
DA:75,0
DA:76,0
DA:77,0
DA:78,0
DA:79,0
DA:80,0
DA:81,0
DA:82,0
DA:83,0
DA:85,0
DA:87,0
DA:91,0
DA:92,0
DA:93,0
DA:94,0
DA:95,0
DA:99,0
DA:100,0
DA:101,0
DA:106,0
DA:107,0
DA:108,0
DA:113,0
DA:114,0
DA:115,0
DA:116,0
DA:117,0
DA:118,0
DA:119,0
DA:121,0
DA:122,0
DA:123,0
DA:125,0
DA:127,0
DA:128,0
DA:132,0
DA:140,0
DA:141,0
DA:142,0
DA:143,0
DA:144,0
DA:154,0
DA:159,0
DA:160,0
DA:161,0
DA:162,0
LF:81
LH:0
BRDA:30,0,0,0
BRDA:30,0,1,0
BRDA:31,1,0,0
BRDA:31,1,1,0
BRDA:38,2,0,0
BRDA:38,2,1,0
BRDA:40,3,0,0
BRDA:55,4,0,0
BRDA:64,5,0,0
BRDA:68,6,0,0
BRDA:68,6,1,0
BRDA:72,7,0,0
BRDA:72,8,0,0
BRDA:72,8,1,0
BRDA:83,9,0,0
BRDA:83,9,1,0
BRDA:91,10,0,0
BRDA:91,11,0,0
BRDA:91,11,1,0
BRDA:92,12,0,0
BRDA:92,12,1,0
BRDA:94,13,0,0
BRDA:94,13,1,0
BRDA:106,14,0,0
BRDA:106,15,0,0
BRDA:106,15,1,0
BRDA:107,16,0,0
BRDA:107,17,0,0
BRDA:107,17,1,0
BRDA:113,18,0,0
BRDA:113,19,0,0
BRDA:113,19,1,0
BRDA:119,20,0,0
BRDA:119,20,1,0
BRDA:119,20,2,0
BRDA:119,20,3,0
BRDA:143,21,0,0
BRDA:161,22,0,0
BRDA:161,23,0,0
BRDA:161,23,1,0
BRDA:161,23,2,0
BRDA:161,23,3,0
BRF:42
BRH:0
end_of_record
TN:
SF:src/time/constants.ts
FN:7,(anonymous_0)
FNF:1
FNH:1
FNDA:2,(anonymous_0)
DA:7,2
DA:8,2
DA:9,2
DA:10,2
DA:17,2
LF:5
LH:5
BRDA:7,0,0,2
BRDA:7,0,1,2
BRF:2
BRH:2
end_of_record
TN:
SF:src/time/objectTime.ts
FN:12,getEffectiveDelta
FN:35,advanceObjectTime
FNF:2
FNH:2
FNDA:13,getEffectiveDelta
FNDA:9,advanceObjectTime
DA:2,2
DA:12,2
DA:17,13
DA:18,13
DA:20,5
DA:23,3
DA:24,3
DA:27,5
DA:35,2
DA:41,9
DA:42,9
LF:11
LH:11
BRDA:15,0,0,11
BRDA:17,1,0,0
BRDA:18,2,0,5
BRDA:18,2,1,3
BRDA:18,2,2,5
BRDA:18,2,3,5
BRDA:23,3,0,0
BRF:7
BRH:5
end_of_record
TN:
SF:src/time/rewind.ts
FN:17,(anonymous_0)
FN:28,(anonymous_1)
FN:68,(anonymous_2)
FN:95,(anonymous_3)
FNF:4
FNH:4
FNDA:6,(anonymous_0)
FNDA:5,(anonymous_1)
FNDA:5,(anonymous_2)
FNDA:1,(anonymous_3)
DA:2,1
DA:9,1
DA:18,6
DA:19,6
DA:31,5
DA:34,5
DA:35,5
DA:37,0
DA:41,5
DA:42,5
DA:44,0
DA:51,5
DA:52,15
DA:54,5
DA:59,5
DA:69,5
DA:70,5
DA:75,5
DA:76,7
DA:77,4
DA:78,4
DA:82,5
DA:83,4
DA:85,4
DA:86,4
DA:88,1
DA:96,1
DA:97,1
DA:98,1
DA:100,1
DA:101,1
DA:103,0
LF:32
LH:29
BRDA:34,0,0,5
BRDA:34,0,1,0
BRDA:34,1,0,5
BRDA:34,1,1,5
BRDA:41,2,0,5
BRDA:41,2,1,0
BRDA:41,3,0,5
BRDA:41,3,1,5
BRDA:52,4,0,5
BRDA:52,5,0,15
BRDA:52,5,1,15
BRDA:52,5,2,10
BRDA:76,6,0,4
BRDA:82,7,0,4
BRDA:97,8,0,1
BRF:15
BRH:13
end_of_record
TN:
SF:src/time/snapshot.ts
FN:37,(anonymous_0)
FN:46,(anonymous_1)
FN:63,(anonymous_2)
FN:68,(anonymous_3)
FN:75,(anonymous_4)
FN:76,(anonymous_5)
FN:82,(anonymous_6)
FN:90,(anonymous_7)
FN:97,(anonymous_8)
FN:106,(anonymous_9)
FN:107,(anonymous_10)
FN:127,serializeGameState
FNF:12
FNH:11
FNDA:6,(anonymous_0)
FNDA:23,(anonymous_1)
FNDA:7,(anonymous_2)
FNDA:30,(anonymous_3)
FNDA:6,(anonymous_4)
FNDA:26,(anonymous_5)
FNDA:0,(anonymous_6)
FNDA:5,(anonymous_7)
FNDA:9,(anonymous_8)
FNDA:5,(anonymous_9)
FNDA:22,(anonymous_10)
FNDA:10,serializeGameState
DA:26,1
DA:32,1
DA:33,6
DA:34,6
DA:38,6
DA:48,23
DA:49,23
DA:50,23
DA:53,23
DA:54,0
DA:64,7
DA:65,0
DA:66,0
DA:68,30
DA:69,7
DA:76,26
DA:83,0
DA:84,0
DA:91,5
DA:98,9
DA:107,22
DA:108,5
DA:109,3
DA:112,5
DA:113,5
DA:115,0
DA:127,1
DA:130,10
LF:28
LH:22
BRDA:37,0,0,0
BRDA:53,1,0,0
BRDA:64,2,0,0
BRDA:65,3,0,0
BRDA:69,4,0,4
BRDA:69,4,1,3
BRDA:108,5,0,3
BRDA:112,6,0,5
BRDA:112,6,1,0
BRF:9
BRH:4
end_of_record
TN:
SF:src/world/level.ts
FN:20,loadLevelFile
FN:40,instantiateLevel
FNF:2
FNH:0
FNDA:0,loadLevelFile
FNDA:0,instantiateLevel
DA:1,0
DA:2,0
DA:6,0
DA:7,0
DA:20,0
DA:21,0
DA:22,0
DA:23,0
DA:26,0
DA:27,0
DA:29,0
DA:31,0
DA:33,0
DA:34,0
DA:40,0
DA:41,0
DA:42,0
DA:43,0
DA:44,0
DA:45,0
LF:20
LH:0
BRDA:26,0,0,0
BRDA:26,1,0,0
BRDA:26,1,1,0
BRDA:29,2,0,0
BRDA:33,3,0,0
BRDA:33,3,1,0
BRDA:43,4,0,0
BRDA:43,4,1,0
BRF:8
BRH:0
end_of_record
